{'model': 'vgae', 'task': 'train', 'dataset': 'pokec_z', 'dgl_data': False, 'device': 'cuda', 'seed': 0, 'epochs': 200, 'print_every': 1, 'save_every': -1, 'lr': 0.001, 'weight_decay': 0.0005, 'hidden': 64, 'patience': 20, 'warmup': 50, 'dropout': 0.0, 'kd_temp': 4, 'kd_lambda': 0.5, 'hidden_vgae': 256, 'latent_size': 32, 'hgr_steps_per_epoch': 10, 'lambda_hgr': 0.5, 'hidden_hgr': 512, 'channels': 8, 'lambda_dd': 0.1, 'alpha': 0.1, 'beta': 1.0, 'gamma': 5.0, 'adv_steps_per_epoch': 2, 'mask_warmup': 0.4}
--- Starting train VGAE on pokec_z ---
Starting Stage 1 (VGAE) training on pokec_z...
Epoch 1 | Train Loss: 89.6478 | Val Loss: 46.8492 | LS: 0.7157 | LX: 79.7764 | LA: 2.0252 | HGR: 0.0316 | KL: 0.2625 | Ent: -0.6896 | Time: 0.83s
Epoch 2 | Train Loss: 49.6162 | Val Loss: 24.3736 | LS: 0.7106 | LX: 39.8391 | LA: 1.9804 | HGR: 0.0035 | KL: 0.2416 | Ent: -0.6906 | Time: 0.36s
Epoch 3 | Train Loss: 29.0361 | Val Loss: 14.9111 | LS: 0.7057 | LX: 19.3494 | LA: 1.9382 | HGR: 0.0188 | KL: 0.2310 | Ent: -0.6912 | Time: 0.36s
Epoch 4 | Train Loss: 20.3783 | Val Loss: 10.1489 | LS: 0.7034 | LX: 10.7536 | LA: 1.8989 | HGR: 0.0013 | KL: 0.2233 | Ent: -0.6915 | Time: 0.36s
Epoch 5 | Train Loss: 15.9789 | Val Loss: 7.7801 | LS: 0.6990 | LX: 6.4350 | LA: 1.8625 | HGR: -0.0083 | KL: 0.2255 | Ent: -0.6918 | Time: 0.36s
Epoch 6 | Train Loss: 13.7754 | Val Loss: 6.8921 | LS: 0.6949 | LX: 4.3057 | LA: 1.8289 | HGR: -0.0327 | KL: 0.2468 | Ent: -0.6919 | Time: 0.36s
Epoch 7 | Train Loss: 12.9228 | Val Loss: 6.5483 | LS: 0.6893 | LX: 3.5365 | LA: 1.7982 | HGR: -0.0267 | KL: 0.2954 | Ent: -0.6916 | Time: 0.36s
Epoch 8 | Train Loss: 12.5777 | Val Loss: 6.3682 | LS: 0.6855 | LX: 3.2536 | LA: 1.7701 | HGR: 0.0116 | KL: 0.3723 | Ent: -0.6912 | Time: 0.36s
Epoch 9 | Train Loss: 12.3887 | Val Loss: 6.0852 | LS: 0.6824 | LX: 3.1154 | LA: 1.7441 | HGR: 0.0210 | KL: 0.4735 | Ent: -0.6900 | Time: 0.36s
Epoch 10 | Train Loss: 12.0736 | Val Loss: 5.7778 | LS: 0.6766 | LX: 2.8746 | LA: 1.7200 | HGR: 0.0137 | KL: 0.5836 | Ent: -0.6884 | Time: 0.36s
Epoch 11 | Train Loss: 11.7558 | Val Loss: 5.5513 | LS: 0.6729 | LX: 2.6081 | LA: 1.6976 | HGR: -0.0185 | KL: 0.6804 | Ent: -0.6865 | Time: 0.36s
Epoch 12 | Train Loss: 11.4897 | Val Loss: 5.3525 | LS: 0.6673 | LX: 2.4130 | LA: 1.6766 | HGR: 0.0045 | KL: 0.7356 | Ent: -0.6845 | Time: 0.36s
Epoch 13 | Train Loss: 11.2918 | Val Loss: 5.1665 | LS: 0.6669 | LX: 2.2348 | LA: 1.6570 | HGR: -0.0437 | KL: 0.7408 | Ent: -0.6825 | Time: 0.36s
Epoch 14 | Train Loss: 11.0565 | Val Loss: 5.0410 | LS: 0.6613 | LX: 2.0721 | LA: 1.6387 | HGR: 0.0033 | KL: 0.7335 | Ent: -0.6801 | Time: 0.36s
Epoch 15 | Train Loss: 10.9280 | Val Loss: 4.9495 | LS: 0.6600 | LX: 1.9728 | LA: 1.6218 | HGR: -0.0170 | KL: 0.7330 | Ent: -0.6775 | Time: 0.36s
Epoch 16 | Train Loss: 10.8134 | Val Loss: 4.8560 | LS: 0.6563 | LX: 1.9123 | LA: 1.6058 | HGR: 0.0016 | KL: 0.7149 | Ent: -0.6745 | Time: 0.36s
Epoch 17 | Train Loss: 10.7012 | Val Loss: 4.7848 | LS: 0.6544 | LX: 1.8409 | LA: 1.5908 | HGR: 0.0109 | KL: 0.6338 | Ent: -0.6722 | Time: 0.36s
Epoch 18 | Train Loss: 10.6146 | Val Loss: 4.7168 | LS: 0.6532 | LX: 1.7894 | LA: 1.5765 | HGR: -0.0152 | KL: 0.5330 | Ent: -0.6705 | Time: 0.36s
Epoch 19 | Train Loss: 10.5171 | Val Loss: 4.6504 | LS: 0.6499 | LX: 1.7459 | LA: 1.5632 | HGR: -0.0125 | KL: 0.4482 | Ent: -0.6685 | Time: 0.36s
Epoch 20 | Train Loss: 10.4199 | Val Loss: 4.6046 | LS: 0.6464 | LX: 1.7031 | LA: 1.5506 | HGR: -0.0137 | KL: 0.3836 | Ent: -0.6669 | Time: 0.36s
Epoch 21 | Train Loss: 10.3475 | Val Loss: 4.5933 | LS: 0.6435 | LX: 1.6765 | LA: 1.5389 | HGR: 0.0059 | KL: 0.3511 | Ent: -0.6647 | Time: 0.36s
Epoch 22 | Train Loss: 10.2810 | Val Loss: 4.5923 | LS: 0.6390 | LX: 1.6696 | LA: 1.5277 | HGR: -0.0066 | KL: 0.3391 | Ent: -0.6615 | Time: 0.36s
Epoch 23 | Train Loss: 10.1664 | Val Loss: 4.5906 | LS: 0.6286 | LX: 1.6733 | LA: 1.5175 | HGR: -0.0118 | KL: 0.3685 | Ent: -0.6545 | Time: 0.36s
Epoch 24 | Train Loss: 10.0796 | Val Loss: 4.5853 | LS: 0.6212 | LX: 1.6701 | LA: 1.5079 | HGR: -0.0021 | KL: 0.4368 | Ent: -0.6477 | Time: 0.36s
Epoch 25 | Train Loss: 9.9413 | Val Loss: 4.5998 | LS: 0.6076 | LX: 1.6746 | LA: 1.4987 | HGR: 0.0255 | KL: 0.5618 | Ent: -0.6377 | Time: 0.36s
Epoch 26 | Train Loss: 9.8403 | Val Loss: 4.6017 | LS: 0.5975 | LX: 1.6818 | LA: 1.4900 | HGR: 0.0088 | KL: 0.6656 | Ent: -0.6288 | Time: 0.36s
Epoch 27 | Train Loss: 9.6538 | Val Loss: 4.5985 | LS: 0.5781 | LX: 1.6932 | LA: 1.4816 | HGR: 0.0180 | KL: 0.7936 | Ent: -0.6196 | Time: 0.36s
Epoch 28 | Train Loss: 9.4849 | Val Loss: 4.6111 | LS: 0.5585 | LX: 1.7156 | LA: 1.4732 | HGR: 0.0094 | KL: 1.0504 | Ent: -0.6071 | Time: 0.36s
Epoch 29 | Train Loss: 9.3302 | Val Loss: 4.6364 | LS: 0.5404 | LX: 1.7316 | LA: 1.4643 | HGR: 0.0235 | KL: 1.3467 | Ent: -0.5954 | Time: 0.36s
Epoch 30 | Train Loss: 9.0810 | Val Loss: 4.6749 | LS: 0.5124 | LX: 1.7433 | LA: 1.4554 | HGR: 0.0294 | KL: 1.7996 | Ent: -0.5777 | Time: 0.36s
Epoch 31 | Train Loss: 8.8541 | Val Loss: 4.7016 | LS: 0.4860 | LX: 1.7437 | LA: 1.4455 | HGR: 0.0226 | KL: 2.5846 | Ent: -0.5464 | Time: 0.36s
Epoch 32 | Train Loss: 8.6036 | Val Loss: 4.7866 | LS: 0.4607 | LX: 1.7050 | LA: 1.4356 | HGR: 0.0082 | KL: 3.3094 | Ent: -0.5265 | Time: 0.36s
Epoch 33 | Train Loss: 8.4296 | Val Loss: 4.8242 | LS: 0.4385 | LX: 1.6699 | LA: 1.4260 | HGR: 0.0631 | KL: 4.5772 | Ent: -0.4842 | Time: 0.36s
Epoch 34 | Train Loss: 8.3019 | Val Loss: 4.9424 | LS: 0.4236 | LX: 1.6558 | LA: 1.4163 | HGR: -0.0148 | KL: 4.9704 | Ent: -0.5012 | Time: 0.36s
Epoch 35 | Train Loss: 8.1305 | Val Loss: 4.9599 | LS: 0.4009 | LX: 1.6442 | LA: 1.4094 | HGR: -0.0016 | KL: 6.2784 | Ent: -0.4421 | Time: 0.36s
Epoch 36 | Train Loss: 7.9778 | Val Loss: 4.9854 | LS: 0.3841 | LX: 1.6373 | LA: 1.4012 | HGR: 0.0191 | KL: 6.5441 | Ent: -0.4420 | Time: 0.36s
Epoch 37 | Train Loss: 7.8994 | Val Loss: 4.9999 | LS: 0.3764 | LX: 1.6329 | LA: 1.3939 | HGR: -0.0069 | KL: 6.6639 | Ent: -0.4453 | Time: 0.36s
Epoch 38 | Train Loss: 7.7221 | Val Loss: 4.9567 | LS: 0.3578 | LX: 1.6240 | LA: 1.3893 | HGR: 0.0290 | KL: 7.1953 | Ent: -0.4057 | Time: 0.36s
Epoch 39 | Train Loss: 7.5876 | Val Loss: 4.8904 | LS: 0.3472 | LX: 1.6230 | LA: 1.3830 | HGR: 0.0297 | KL: 6.8933 | Ent: -0.4130 | Time: 0.36s
Epoch 40 | Train Loss: 7.4763 | Val Loss: 4.8408 | LS: 0.3404 | LX: 1.6173 | LA: 1.3783 | HGR: 0.0289 | KL: 6.5981 | Ent: -0.4097 | Time: 0.36s
Epoch 41 | Train Loss: 7.3169 | Val Loss: 4.7465 | LS: 0.3293 | LX: 1.6048 | LA: 1.3767 | HGR: 0.0094 | KL: 6.6306 | Ent: -0.3767 | Time: 0.36s
Epoch 42 | Train Loss: 7.1469 | Val Loss: 4.6997 | LS: 0.3161 | LX: 1.6072 | LA: 1.3709 | HGR: 0.0486 | KL: 6.0073 | Ent: -0.3919 | Time: 0.36s
Epoch 43 | Train Loss: 7.0317 | Val Loss: 4.6535 | LS: 0.3102 | LX: 1.6010 | LA: 1.3679 | HGR: 0.0179 | KL: 5.7471 | Ent: -0.3805 | Time: 0.36s
Epoch 44 | Train Loss: 6.9591 | Val Loss: 4.6143 | LS: 0.3063 | LX: 1.5900 | LA: 1.3659 | HGR: 0.0350 | KL: 5.6969 | Ent: -0.3579 | Time: 0.36s
Epoch 45 | Train Loss: 6.8019 | Val Loss: 4.5863 | LS: 0.2933 | LX: 1.5906 | LA: 1.3590 | HGR: 0.0342 | KL: 5.3214 | Ent: -0.3745 | Time: 0.36s
Epoch 46 | Train Loss: 6.6912 | Val Loss: 4.5792 | LS: 0.2851 | LX: 1.5867 | LA: 1.3569 | HGR: 0.0323 | KL: 5.3698 | Ent: -0.3471 | Time: 0.36s
Epoch 47 | Train Loss: 6.6041 | Val Loss: 4.5778 | LS: 0.2774 | LX: 1.5867 | LA: 1.3529 | HGR: 0.0494 | KL: 5.2826 | Ent: -0.3415 | Time: 0.36s
Epoch 48 | Train Loss: 6.5327 | Val Loss: 4.6021 | LS: 0.2714 | LX: 1.5860 | LA: 1.3488 | HGR: 0.0365 | KL: 5.2876 | Ent: -0.3396 | Time: 0.36s
Epoch 49 | Train Loss: 6.4132 | Val Loss: 4.5757 | LS: 0.2606 | LX: 1.5800 | LA: 1.3489 | HGR: 0.0221 | KL: 5.6246 | Ent: -0.3063 | Time: 0.36s
Epoch 50 | Train Loss: 6.3551 | Val Loss: 4.5376 | LS: 0.2548 | LX: 1.5834 | LA: 1.3426 | HGR: 0.0430 | KL: 5.5895 | Ent: -0.3019 | Time: 0.36s
Epoch 51 | Train Loss: 6.2917 | Val Loss: 4.5770 | LS: 0.2485 | LX: 1.5812 | LA: 1.3358 | HGR: 0.0164 | KL: 5.7214 | Ent: -0.3097 | Time: 0.36s
Epoch 52 | Train Loss: 6.1328 | Val Loss: 4.6049 | LS: 0.2340 | LX: 1.5756 | LA: 1.3342 | HGR: 0.0101 | KL: 5.9677 | Ent: -0.2808 | Time: 0.36s
Epoch 53 | Train Loss: 6.0090 | Val Loss: 4.5965 | LS: 0.2215 | LX: 1.5715 | LA: 1.3329 | HGR: 0.0211 | KL: 6.1331 | Ent: -0.2660 | Time: 0.36s
Epoch 54 | Train Loss: 5.9371 | Val Loss: 4.5769 | LS: 0.2142 | LX: 1.5733 | LA: 1.3279 | HGR: 0.0358 | KL: 6.0748 | Ent: -0.2685 | Time: 0.36s
Epoch 55 | Train Loss: 5.8233 | Val Loss: 4.6395 | LS: 0.2037 | LX: 1.5739 | LA: 1.3272 | HGR: 0.0362 | KL: 6.1856 | Ent: -0.2488 | Time: 0.36s
Epoch 56 | Train Loss: 5.9035 | Val Loss: 4.6622 | LS: 0.2079 | LX: 1.5690 | LA: 1.3307 | HGR: 0.0435 | KL: 6.7509 | Ent: -0.2278 | Time: 0.36s
Epoch 57 | Train Loss: 5.8080 | Val Loss: 4.5581 | LS: 0.1987 | LX: 1.5705 | LA: 1.3265 | HGR: 0.0511 | KL: 6.7078 | Ent: -0.2273 | Time: 0.36s
Epoch 58 | Train Loss: 5.5738 | Val Loss: 4.5345 | LS: 0.1816 | LX: 1.5763 | LA: 1.3181 | HGR: 0.0148 | KL: 6.3027 | Ent: -0.2253 | Time: 0.36s
Epoch 59 | Train Loss: 5.5788 | Val Loss: 4.5705 | LS: 0.1838 | LX: 1.5742 | LA: 1.3159 | HGR: 0.0199 | KL: 6.1895 | Ent: -0.2217 | Time: 0.36s
Epoch 60 | Train Loss: 5.4718 | Val Loss: 4.5303 | LS: 0.1724 | LX: 1.5675 | LA: 1.3178 | HGR: 0.0362 | KL: 6.3755 | Ent: -0.2064 | Time: 0.36s
Epoch 61 | Train Loss: 5.3397 | Val Loss: 4.4723 | LS: 0.1618 | LX: 1.5660 | LA: 1.3151 | HGR: 0.0351 | KL: 6.2266 | Ent: -0.1999 | Time: 0.36s
Epoch 62 | Train Loss: 5.3526 | Val Loss: 4.4880 | LS: 0.1664 | LX: 1.5659 | LA: 1.3100 | HGR: 0.0143 | KL: 5.9710 | Ent: -0.2085 | Time: 0.36s
Epoch 63 | Train Loss: 5.3322 | Val Loss: 4.5340 | LS: 0.1656 | LX: 1.5650 | LA: 1.3089 | HGR: 0.0089 | KL: 5.9304 | Ent: -0.2050 | Time: 0.36s
Epoch 64 | Train Loss: 5.1490 | Val Loss: 4.4980 | LS: 0.1480 | LX: 1.5639 | LA: 1.3113 | HGR: -0.0054 | KL: 6.1110 | Ent: -0.1855 | Time: 0.36s
Epoch 65 | Train Loss: 5.1324 | Val Loss: 4.4418 | LS: 0.1461 | LX: 1.5630 | LA: 1.3100 | HGR: 0.0178 | KL: 6.0523 | Ent: -0.1843 | Time: 0.36s
Epoch 66 | Train Loss: 5.0498 | Val Loss: 4.4095 | LS: 0.1429 | LX: 1.5631 | LA: 1.3052 | HGR: -0.0085 | KL: 5.7194 | Ent: -0.1851 | Time: 0.36s
Epoch 67 | Train Loss: 4.9470 | Val Loss: 4.4639 | LS: 0.1324 | LX: 1.5609 | LA: 1.3031 | HGR: 0.0294 | KL: 5.6553 | Ent: -0.1785 | Time: 0.36s
Epoch 68 | Train Loss: 4.9764 | Val Loss: 4.4193 | LS: 0.1342 | LX: 1.5576 | LA: 1.3049 | HGR: 0.0228 | KL: 5.8977 | Ent: -0.1710 | Time: 0.36s
Epoch 69 | Train Loss: 4.9190 | Val Loss: 4.4070 | LS: 0.1314 | LX: 1.5579 | LA: 1.3032 | HGR: 0.0046 | KL: 5.7581 | Ent: -0.1661 | Time: 0.36s
Epoch 70 | Train Loss: 4.9241 | Val Loss: 4.3974 | LS: 0.1345 | LX: 1.5605 | LA: 1.2972 | HGR: -0.0107 | KL: 5.5732 | Ent: -0.1695 | Time: 0.36s
Epoch 71 | Train Loss: 4.9058 | Val Loss: 4.4407 | LS: 0.1322 | LX: 1.5608 | LA: 1.2947 | HGR: 0.0109 | KL: 5.5673 | Ent: -0.1665 | Time: 0.36s
Epoch 72 | Train Loss: 4.7468 | Val Loss: 4.4437 | LS: 0.1175 | LX: 1.5600 | LA: 1.2930 | HGR: -0.0046 | KL: 5.6706 | Ent: -0.1541 | Time: 0.36s
Epoch 73 | Train Loss: 4.7046 | Val Loss: 4.3534 | LS: 0.1138 | LX: 1.5568 | LA: 1.2914 | HGR: 0.0071 | KL: 5.7003 | Ent: -0.1447 | Time: 0.36s
Epoch 74 | Train Loss: 4.6830 | Val Loss: 4.3972 | LS: 0.1135 | LX: 1.5568 | LA: 1.2875 | HGR: 0.0072 | KL: 5.5091 | Ent: -0.1488 | Time: 0.36s
Epoch 75 | Train Loss: 4.5961 | Val Loss: 4.4823 | LS: 0.1064 | LX: 1.5567 | LA: 1.2854 | HGR: -0.0119 | KL: 5.5443 | Ent: -0.1411 | Time: 0.36s
Epoch 76 | Train Loss: 4.5888 | Val Loss: 4.4727 | LS: 0.1019 | LX: 1.5552 | LA: 1.2845 | HGR: 0.0001 | KL: 5.9188 | Ent: -0.1383 | Time: 0.36s
Epoch 77 | Train Loss: 4.6433 | Val Loss: 4.3856 | LS: 0.1078 | LX: 1.5561 | LA: 1.2813 | HGR: 0.0029 | KL: 5.9315 | Ent: -0.1328 | Time: 0.36s
Epoch 78 | Train Loss: 4.5031 | Val Loss: 4.3892 | LS: 0.0982 | LX: 1.5574 | LA: 1.2770 | HGR: -0.0198 | KL: 5.6803 | Ent: -0.1282 | Time: 0.36s
Epoch 79 | Train Loss: 4.4355 | Val Loss: 4.4515 | LS: 0.0925 | LX: 1.5559 | LA: 1.2762 | HGR: -0.0232 | KL: 5.6660 | Ent: -0.1238 | Time: 0.36s
Epoch 80 | Train Loss: 4.4395 | Val Loss: 4.4264 | LS: 0.0916 | LX: 1.5538 | LA: 1.2786 | HGR: -0.0347 | KL: 5.9065 | Ent: -0.1181 | Time: 0.36s
Epoch 81 | Train Loss: 4.4445 | Val Loss: 4.3676 | LS: 0.0917 | LX: 1.5541 | LA: 1.2748 | HGR: -0.0162 | KL: 5.8632 | Ent: -0.1201 | Time: 0.36s
Epoch 82 | Train Loss: 4.3411 | Val Loss: 4.3515 | LS: 0.0845 | LX: 1.5550 | LA: 1.2678 | HGR: -0.0043 | KL: 5.6004 | Ent: -0.1152 | Time: 0.36s
Epoch 83 | Train Loss: 4.2899 | Val Loss: 4.4253 | LS: 0.0806 | LX: 1.5536 | LA: 1.2649 | HGR: -0.0083 | KL: 5.5965 | Ent: -0.1098 | Time: 0.36s
Epoch 84 | Train Loss: 4.3078 | Val Loss: 4.4155 | LS: 0.0813 | LX: 1.5527 | LA: 1.2657 | HGR: -0.0293 | KL: 5.8179 | Ent: -0.1089 | Time: 0.36s
Epoch 85 | Train Loss: 4.3365 | Val Loss: 4.3270 | LS: 0.0842 | LX: 1.5527 | LA: 1.2638 | HGR: -0.0051 | KL: 5.7436 | Ent: -0.1066 | Time: 0.36s
Epoch 86 | Train Loss: 4.2569 | Val Loss: 4.3296 | LS: 0.0801 | LX: 1.5530 | LA: 1.2600 | HGR: -0.0197 | KL: 5.4719 | Ent: -0.1059 | Time: 0.36s
Epoch 87 | Train Loss: 4.2396 | Val Loss: 4.3987 | LS: 0.0789 | LX: 1.5527 | LA: 1.2580 | HGR: -0.0128 | KL: 5.4356 | Ent: -0.1032 | Time: 0.36s
Epoch 88 | Train Loss: 4.2085 | Val Loss: 4.3771 | LS: 0.0750 | LX: 1.5511 | LA: 1.2567 | HGR: -0.0351 | KL: 5.6822 | Ent: -0.1003 | Time: 0.36s
Epoch 89 | Train Loss: 4.2032 | Val Loss: 4.2822 | LS: 0.0755 | LX: 1.5508 | LA: 1.2537 | HGR: -0.0376 | KL: 5.6472 | Ent: -0.0982 | Time: 0.36s
Epoch 90 | Train Loss: 4.1820 | Val Loss: 4.2983 | LS: 0.0763 | LX: 1.5513 | LA: 1.2485 | HGR: -0.0294 | KL: 5.3823 | Ent: -0.0960 | Time: 0.36s
Epoch 91 | Train Loss: 4.0763 | Val Loss: 4.3601 | LS: 0.0672 | LX: 1.5510 | LA: 1.2472 | HGR: -0.0454 | KL: 5.3683 | Ent: -0.0921 | Time: 0.36s
Epoch 92 | Train Loss: 4.1309 | Val Loss: 4.3508 | LS: 0.0694 | LX: 1.5498 | LA: 1.2482 | HGR: -0.0169 | KL: 5.5696 | Ent: -0.0907 | Time: 0.36s
Epoch 93 | Train Loss: 4.0322 | Val Loss: 4.2706 | LS: 0.0609 | LX: 1.5500 | LA: 1.2452 | HGR: -0.0282 | KL: 5.5329 | Ent: -0.0884 | Time: 0.36s
Epoch 94 | Train Loss: 4.1186 | Val Loss: 4.2794 | LS: 0.0714 | LX: 1.5506 | LA: 1.2409 | HGR: -0.0184 | KL: 5.3551 | Ent: -0.0873 | Time: 0.36s
Epoch 95 | Train Loss: 4.0990 | Val Loss: 4.3307 | LS: 0.0718 | LX: 1.5502 | LA: 1.2377 | HGR: -0.0520 | KL: 5.3308 | Ent: -0.0857 | Time: 0.36s
Epoch 96 | Train Loss: 4.0252 | Val Loss: 4.3282 | LS: 0.0611 | LX: 1.5495 | LA: 1.2360 | HGR: -0.0202 | KL: 5.5356 | Ent: -0.0854 | Time: 0.36s
Epoch 97 | Train Loss: 3.9845 | Val Loss: 4.2397 | LS: 0.0579 | LX: 1.5492 | LA: 1.2358 | HGR: -0.0157 | KL: 5.4792 | Ent: -0.0809 | Time: 0.36s
Epoch 98 | Train Loss: 4.0483 | Val Loss: 4.2575 | LS: 0.0671 | LX: 1.5498 | LA: 1.2323 | HGR: -0.0133 | KL: 5.2308 | Ent: -0.0790 | Time: 0.36s
Epoch 99 | Train Loss: 3.9712 | Val Loss: 4.3148 | LS: 0.0597 | LX: 1.5507 | LA: 1.2300 | HGR: -0.0094 | KL: 5.2053 | Ent: -0.0774 | Time: 0.36s
Epoch 100 | Train Loss: 3.9972 | Val Loss: 4.3077 | LS: 0.0602 | LX: 1.5502 | LA: 1.2304 | HGR: -0.0096 | KL: 5.4059 | Ent: -0.0786 | Time: 0.36s
Epoch 101 | Train Loss: 3.9306 | Val Loss: 4.2489 | LS: 0.0536 | LX: 1.5498 | LA: 1.2261 | HGR: 0.0092 | KL: 5.3665 | Ent: -0.0774 | Time: 0.36s
Epoch 102 | Train Loss: 3.9488 | Val Loss: 4.2412 | LS: 0.0588 | LX: 1.5524 | LA: 1.2219 | HGR: -0.0029 | KL: 5.1448 | Ent: -0.0733 | Time: 0.36s
Epoch 103 | Train Loss: 3.8507 | Val Loss: 4.2878 | LS: 0.0521 | LX: 1.5530 | LA: 1.2196 | HGR: -0.0496 | KL: 5.1085 | Ent: -0.0706 | Time: 0.36s
Epoch 104 | Train Loss: 3.8969 | Val Loss: 4.2674 | LS: 0.0536 | LX: 1.5549 | LA: 1.2202 | HGR: -0.0285 | KL: 5.2809 | Ent: -0.0720 | Time: 0.36s
Epoch 105 | Train Loss: 3.8114 | Val Loss: 4.2302 | LS: 0.0448 | LX: 1.5538 | LA: 1.2174 | HGR: 0.0011 | KL: 5.2320 | Ent: -0.0685 | Time: 0.36s
Epoch 106 | Train Loss: 3.9036 | Val Loss: 4.2254 | LS: 0.0540 | LX: 1.5670 | LA: 1.2143 | HGR: 0.0194 | KL: 5.0493 | Ent: -0.0677 | Time: 0.36s
Epoch 107 | Train Loss: 3.8800 | Val Loss: 4.2485 | LS: 0.0532 | LX: 1.5592 | LA: 1.2124 | HGR: 0.0034 | KL: 5.0375 | Ent: -0.0710 | Time: 0.36s
Epoch 108 | Train Loss: 3.8039 | Val Loss: 4.2753 | LS: 0.0444 | LX: 1.5557 | LA: 1.2116 | HGR: 0.0165 | KL: 5.1889 | Ent: -0.0658 | Time: 0.36s
Epoch 109 | Train Loss: 3.7995 | Val Loss: 4.2208 | LS: 0.0451 | LX: 1.5706 | LA: 1.2102 | HGR: -0.0259 | KL: 5.1542 | Ent: -0.0657 | Time: 0.36s
Epoch 110 | Train Loss: 3.7862 | Val Loss: 4.2540 | LS: 0.0440 | LX: 1.5808 | LA: 1.2070 | HGR: -0.0014 | KL: 4.9607 | Ent: -0.0632 | Time: 0.36s
Epoch 111 | Train Loss: 3.8866 | Val Loss: 4.2416 | LS: 0.0523 | LX: 1.6045 | LA: 1.2056 | HGR: -0.0049 | KL: 4.9265 | Ent: -0.0634 | Time: 0.36s
Epoch 112 | Train Loss: 3.7658 | Val Loss: 4.2720 | LS: 0.0445 | LX: 1.5731 | LA: 1.2047 | HGR: -0.0396 | KL: 5.0054 | Ent: -0.0619 | Time: 0.36s
Epoch 113 | Train Loss: 3.7908 | Val Loss: 4.1879 | LS: 0.0431 | LX: 1.6123 | LA: 1.2035 | HGR: -0.0238 | KL: 4.9601 | Ent: -0.0601 | Time: 0.36s
Epoch 114 | Train Loss: 3.7377 | Val Loss: 4.2107 | LS: 0.0421 | LX: 1.5729 | LA: 1.2020 | HGR: -0.0102 | KL: 4.8557 | Ent: -0.0610 | Time: 0.36s
Epoch 115 | Train Loss: 3.6831 | Val Loss: 4.2075 | LS: 0.0349 | LX: 1.5951 | LA: 1.2028 | HGR: -0.0085 | KL: 4.8580 | Ent: -0.0543 | Time: 0.36s
Epoch 116 | Train Loss: 3.7085 | Val Loss: 4.2041 | LS: 0.0402 | LX: 1.5735 | LA: 1.2032 | HGR: -0.0255 | KL: 4.8367 | Ent: -0.0591 | Time: 0.36s
Epoch 117 | Train Loss: 3.7497 | Val Loss: 4.1651 | LS: 0.0419 | LX: 1.5948 | LA: 1.2010 | HGR: 0.0065 | KL: 4.7227 | Ent: -0.0592 | Time: 0.36s
Epoch 118 | Train Loss: 3.6951 | Val Loss: 4.2189 | LS: 0.0411 | LX: 1.5707 | LA: 1.2022 | HGR: -0.0240 | KL: 4.6625 | Ent: -0.0567 | Time: 0.36s
Epoch 119 | Train Loss: 3.7756 | Val Loss: 4.1656 | LS: 0.0453 | LX: 1.5989 | LA: 1.2076 | HGR: -0.0096 | KL: 4.6266 | Ent: -0.0583 | Time: 0.36s
Epoch 120 | Train Loss: 3.6845 | Val Loss: 4.1600 | LS: 0.0410 | LX: 1.5808 | LA: 1.2063 | HGR: -0.0497 | KL: 4.5517 | Ent: -0.0567 | Time: 0.36s
Epoch 121 | Train Loss: 3.6749 | Val Loss: 4.1349 | LS: 0.0389 | LX: 1.5725 | LA: 1.2029 | HGR: -0.0160 | KL: 4.6248 | Ent: -0.0556 | Time: 0.36s
Epoch 122 | Train Loss: 3.6574 | Val Loss: 4.1711 | LS: 0.0374 | LX: 1.5775 | LA: 1.2015 | HGR: -0.0138 | KL: 4.5721 | Ent: -0.0542 | Time: 0.36s
Epoch 123 | Train Loss: 3.6346 | Val Loss: 4.1520 | LS: 0.0346 | LX: 1.5676 | LA: 1.2037 | HGR: 0.0032 | KL: 4.6426 | Ent: -0.0515 | Time: 0.36s
Epoch 124 | Train Loss: 3.6246 | Val Loss: 4.1865 | LS: 0.0358 | LX: 1.5628 | LA: 1.2123 | HGR: -0.0240 | KL: 4.5182 | Ent: -0.0516 | Time: 0.36s
Epoch 125 | Train Loss: 3.6728 | Val Loss: 4.1514 | LS: 0.0381 | LX: 1.5643 | LA: 1.2191 | HGR: -0.0032 | KL: 4.5808 | Ent: -0.0517 | Time: 0.36s
Epoch 126 | Train Loss: 3.6097 | Val Loss: 4.1757 | LS: 0.0350 | LX: 1.5665 | LA: 1.2078 | HGR: -0.0295 | KL: 4.4697 | Ent: -0.0532 | Time: 0.36s
Epoch 127 | Train Loss: 3.5879 | Val Loss: 4.1453 | LS: 0.0315 | LX: 1.5591 | LA: 1.1997 | HGR: -0.0038 | KL: 4.6532 | Ent: -0.0506 | Time: 0.36s
Epoch 128 | Train Loss: 3.6045 | Val Loss: 4.1522 | LS: 0.0348 | LX: 1.5681 | LA: 1.1980 | HGR: -0.0331 | KL: 4.5811 | Ent: -0.0484 | Time: 0.36s
Epoch 129 | Train Loss: 3.5803 | Val Loss: 4.1849 | LS: 0.0317 | LX: 1.5578 | LA: 1.2055 | HGR: -0.0096 | KL: 4.5969 | Ent: -0.0455 | Time: 0.36s
Epoch 130 | Train Loss: 3.6343 | Val Loss: 4.1676 | LS: 0.0344 | LX: 1.5758 | LA: 1.2108 | HGR: -0.0218 | KL: 4.6792 | Ent: -0.0469 | Time: 0.36s
Epoch 131 | Train Loss: 3.5763 | Val Loss: 4.2025 | LS: 0.0287 | LX: 1.5721 | LA: 1.2031 | HGR: 0.0146 | KL: 4.6499 | Ent: -0.0416 | Time: 0.36s
Epoch 132 | Train Loss: 3.5879 | Val Loss: 4.1847 | LS: 0.0310 | LX: 1.5731 | LA: 1.1954 | HGR: -0.0187 | KL: 4.7771 | Ent: -0.0412 | Time: 0.36s
Epoch 133 | Train Loss: 3.5771 | Val Loss: 4.1627 | LS: 0.0315 | LX: 1.5694 | LA: 1.1970 | HGR: -0.0336 | KL: 4.7218 | Ent: -0.0407 | Time: 0.36s
Epoch 134 | Train Loss: 3.5757 | Val Loss: 4.1929 | LS: 0.0306 | LX: 1.5678 | LA: 1.2017 | HGR: 0.0081 | KL: 4.5218 | Ent: -0.0437 | Time: 0.36s
Epoch 135 | Train Loss: 3.5710 | Val Loss: 4.1861 | LS: 0.0309 | LX: 1.5761 | LA: 1.2080 | HGR: -0.0311 | KL: 4.5232 | Ent: -0.0413 | Time: 0.36s
Epoch 136 | Train Loss: 3.6072 | Val Loss: 4.1420 | LS: 0.0359 | LX: 1.5595 | LA: 1.2056 | HGR: -0.0350 | KL: 4.5604 | Ent: -0.0442 | Time: 0.36s
Epoch 137 | Train Loss: 3.5616 | Val Loss: 4.1515 | LS: 0.0318 | LX: 1.5779 | LA: 1.1967 | HGR: -0.0308 | KL: 4.4395 | Ent: -0.0405 | Time: 0.36s
Epoch 138 | Train Loss: 3.5656 | Val Loss: 4.1566 | LS: 0.0313 | LX: 1.5596 | LA: 1.1957 | HGR: 0.0137 | KL: 4.5060 | Ent: -0.0399 | Time: 0.36s
Epoch 139 | Train Loss: 3.5235 | Val Loss: 4.1557 | LS: 0.0289 | LX: 1.5658 | LA: 1.1983 | HGR: -0.0275 | KL: 4.4625 | Ent: -0.0379 | Time: 0.36s
Epoch 140 | Train Loss: 3.5346 | Val Loss: 4.1677 | LS: 0.0308 | LX: 1.5619 | LA: 1.2046 | HGR: -0.0318 | KL: 4.3694 | Ent: -0.0391 | Time: 0.36s
Epoch 141 | Train Loss: 3.5365 | Val Loss: 4.1421 | LS: 0.0293 | LX: 1.5629 | LA: 1.2065 | HGR: -0.0145 | KL: 4.4331 | Ent: -0.0385 | Time: 0.36s
Early stopping at epoch 141
VGAE Training Finished. Total Time: 51.63s
