{'model': 'vgae', 'task': 'train', 'dataset': 'dblp', 'dgl_data': False, 'device': 'cuda', 'seed': 0, 'epochs': 200, 'print_every': 1, 'save_every': -1, 'lr': 0.001, 'weight_decay': 0.0005, 'hidden': 64, 'patience': 20, 'warmup': 50, 'dropout': 0.0, 'kd_temp': 4, 'kd_lambda': 0.5, 'hidden_vgae': 256, 'latent_size': 32, 'hgr_steps_per_epoch': 10, 'lambda_hgr': 0.5, 'hidden_hgr': 512, 'channels': 8, 'lambda_dd': 0.1, 'alpha': 0.1, 'beta': 1.0, 'gamma': 5.0, 'adv_steps_per_epoch': 2, 'mask_warmup': 0.4}
--- Starting train VGAE on dblp ---
Starting Stage 1 (VGAE) training on dblp...
Epoch 1 | Train Loss: 81.2299 | Val Loss: 23.3394 | LS: 0.7003 | LX: 71.3223 | LA: 2.2126 | HGR: 0.1592 | KL: 1.6821 | Ent: -0.6919 | Time: 0.60s
Epoch 2 | Train Loss: 48.5107 | Val Loss: 14.5030 | LS: 0.7272 | LX: 38.3728 | LA: 2.1755 | HGR: 0.2403 | KL: 1.6832 | Ent: -0.6907 | Time: 0.08s
Epoch 3 | Train Loss: 30.8061 | Val Loss: 10.2796 | LS: 0.7157 | LX: 20.8138 | LA: 2.1439 | HGR: 0.1282 | KL: 1.5170 | Ent: -0.6910 | Time: 0.09s
Epoch 4 | Train Loss: 22.1791 | Val Loss: 8.2823 | LS: 0.6899 | LX: 12.4735 | LA: 2.1148 | HGR: 0.1450 | KL: 1.3373 | Ent: -0.6919 | Time: 0.09s
Epoch 5 | Train Loss: 18.0261 | Val Loss: 7.4124 | LS: 0.6686 | LX: 8.5611 | LA: 2.0870 | HGR: 0.1212 | KL: 1.3496 | Ent: -0.6916 | Time: 0.09s
Epoch 6 | Train Loss: 16.1278 | Val Loss: 7.0038 | LS: 0.6438 | LX: 6.9393 | LA: 2.0605 | HGR: -0.0660 | KL: 1.6656 | Ent: -0.6901 | Time: 0.09s
Epoch 7 | Train Loss: 15.2420 | Val Loss: 6.9092 | LS: 0.6251 | LX: 6.2416 | LA: 2.0349 | HGR: 0.0352 | KL: 2.4260 | Ent: -0.6878 | Time: 0.09s
Epoch 8 | Train Loss: 14.7693 | Val Loss: 6.9790 | LS: 0.6032 | LX: 5.9597 | LA: 2.0108 | HGR: 0.0573 | KL: 3.8110 | Ent: -0.6839 | Time: 0.09s
Epoch 9 | Train Loss: 14.3990 | Val Loss: 7.2309 | LS: 0.5782 | LX: 5.7622 | LA: 1.9879 | HGR: 0.0786 | KL: 5.9017 | Ent: -0.6775 | Time: 0.09s
Epoch 10 | Train Loss: 14.1130 | Val Loss: 7.5100 | LS: 0.5511 | LX: 5.6252 | LA: 1.9661 | HGR: 0.0433 | KL: 8.2400 | Ent: -0.6666 | Time: 0.09s
Epoch 11 | Train Loss: 13.7800 | Val Loss: 7.7373 | LS: 0.5207 | LX: 5.4910 | LA: 1.9449 | HGR: 0.0847 | KL: 9.5799 | Ent: -0.6537 | Time: 0.09s
Epoch 12 | Train Loss: 13.4788 | Val Loss: 7.9691 | LS: 0.4952 | LX: 5.3809 | LA: 1.9243 | HGR: 0.0924 | KL: 9.9981 | Ent: -0.6394 | Time: 0.09s
Epoch 13 | Train Loss: 13.1726 | Val Loss: 8.1601 | LS: 0.4681 | LX: 5.2966 | LA: 1.9047 | HGR: 0.1088 | KL: 10.2425 | Ent: -0.6233 | Time: 0.09s
Epoch 14 | Train Loss: 12.8695 | Val Loss: 8.1773 | LS: 0.4410 | LX: 5.2411 | LA: 1.8855 | HGR: 0.0760 | KL: 10.2516 | Ent: -0.6039 | Time: 0.09s
Epoch 15 | Train Loss: 12.5665 | Val Loss: 8.1406 | LS: 0.4207 | LX: 5.1658 | LA: 1.8665 | HGR: 0.0129 | KL: 9.6555 | Ent: -0.5918 | Time: 0.09s
Epoch 16 | Train Loss: 12.2470 | Val Loss: 8.1879 | LS: 0.4017 | LX: 5.0768 | LA: 1.8476 | HGR: 0.0483 | KL: 9.0475 | Ent: -0.5781 | Time: 0.09s
Epoch 17 | Train Loss: 11.9093 | Val Loss: 8.2050 | LS: 0.3769 | LX: 5.0062 | LA: 1.8298 | HGR: 0.0707 | KL: 8.8179 | Ent: -0.5633 | Time: 0.09s
Epoch 18 | Train Loss: 11.6848 | Val Loss: 8.1876 | LS: 0.3630 | LX: 4.9557 | LA: 1.8124 | HGR: 0.0194 | KL: 8.4959 | Ent: -0.5476 | Time: 0.09s
Epoch 19 | Train Loss: 11.3702 | Val Loss: 8.2293 | LS: 0.3398 | LX: 4.9207 | LA: 1.7957 | HGR: 0.0587 | KL: 8.0928 | Ent: -0.5322 | Time: 0.09s
Epoch 20 | Train Loss: 11.0682 | Val Loss: 8.3028 | LS: 0.3152 | LX: 4.9009 | LA: 1.7798 | HGR: 0.0401 | KL: 7.9117 | Ent: -0.5116 | Time: 0.09s
Epoch 21 | Train Loss: 10.8035 | Val Loss: 8.4920 | LS: 0.2938 | LX: 4.8746 | LA: 1.7646 | HGR: 0.0259 | KL: 7.8751 | Ent: -0.4929 | Time: 0.09s
Epoch 22 | Train Loss: 10.5002 | Val Loss: 8.6533 | LS: 0.2650 | LX: 4.8651 | LA: 1.7500 | HGR: -0.0531 | KL: 8.1829 | Ent: -0.4625 | Time: 0.09s
Epoch 23 | Train Loss: 10.2141 | Val Loss: 8.7654 | LS: 0.2396 | LX: 4.8443 | LA: 1.7354 | HGR: 0.0443 | KL: 8.4249 | Ent: -0.4340 | Time: 0.09s
Epoch 24 | Train Loss: 9.9368 | Val Loss: 8.8764 | LS: 0.2161 | LX: 4.8222 | LA: 1.7210 | HGR: -0.0036 | KL: 8.5461 | Ent: -0.4089 | Time: 0.09s
Epoch 25 | Train Loss: 9.5782 | Val Loss: 8.9874 | LS: 0.1853 | LX: 4.7954 | LA: 1.7067 | HGR: 0.0240 | KL: 8.6955 | Ent: -0.3785 | Time: 0.09s
Epoch 26 | Train Loss: 9.3303 | Val Loss: 8.9650 | LS: 0.1646 | LX: 4.7718 | LA: 1.6927 | HGR: 0.0717 | KL: 8.9095 | Ent: -0.3495 | Time: 0.09s
Epoch 27 | Train Loss: 9.0045 | Val Loss: 9.0512 | LS: 0.1385 | LX: 4.7460 | LA: 1.6784 | HGR: 0.0548 | KL: 8.8860 | Ent: -0.3225 | Time: 0.09s
Epoch 28 | Train Loss: 8.7516 | Val Loss: 9.4445 | LS: 0.1168 | LX: 4.7285 | LA: 1.6648 | HGR: 0.0303 | KL: 9.1091 | Ent: -0.2920 | Time: 0.09s
Epoch 29 | Train Loss: 8.5100 | Val Loss: 8.9860 | LS: 0.0912 | LX: 4.7052 | LA: 1.6526 | HGR: 0.0427 | KL: 10.0396 | Ent: -0.2458 | Time: 0.09s
Epoch 30 | Train Loss: 8.3494 | Val Loss: 9.4737 | LS: 0.0880 | LX: 4.6925 | LA: 1.6394 | HGR: 0.0462 | KL: 8.9596 | Ent: -0.2470 | Time: 0.09s
Epoch 31 | Train Loss: 8.1505 | Val Loss: 8.9738 | LS: 0.0669 | LX: 4.6523 | LA: 1.6282 | HGR: 0.0389 | KL: 10.0787 | Ent: -0.1974 | Time: 0.09s
Epoch 32 | Train Loss: 7.9214 | Val Loss: 8.7702 | LS: 0.0614 | LX: 4.6168 | LA: 1.6165 | HGR: -0.0221 | KL: 8.8686 | Ent: -0.1949 | Time: 0.09s
Epoch 33 | Train Loss: 7.7760 | Val Loss: 8.8569 | LS: 0.0564 | LX: 4.5909 | LA: 1.6065 | HGR: 0.0174 | KL: 8.3135 | Ent: -0.1847 | Time: 0.09s
Epoch 34 | Train Loss: 7.5922 | Val Loss: 8.3083 | LS: 0.0444 | LX: 4.5705 | LA: 1.5977 | HGR: -0.0703 | KL: 8.3899 | Ent: -0.1553 | Time: 0.09s
Epoch 35 | Train Loss: 7.4610 | Val Loss: 8.2896 | LS: 0.0466 | LX: 4.5507 | LA: 1.5885 | HGR: -0.0944 | KL: 7.0982 | Ent: -0.1651 | Time: 0.09s
Epoch 36 | Train Loss: 7.3233 | Val Loss: 7.9735 | LS: 0.0380 | LX: 4.5399 | LA: 1.5804 | HGR: -0.0617 | KL: 6.9841 | Ent: -0.1385 | Time: 0.09s
Epoch 37 | Train Loss: 7.2321 | Val Loss: 8.0286 | LS: 0.0371 | LX: 4.5251 | LA: 1.5720 | HGR: 0.0061 | KL: 6.2456 | Ent: -0.1396 | Time: 0.09s
Epoch 38 | Train Loss: 7.1148 | Val Loss: 7.7287 | LS: 0.0313 | LX: 4.5183 | LA: 1.5651 | HGR: -0.0940 | KL: 6.2068 | Ent: -0.1213 | Time: 0.09s
Epoch 39 | Train Loss: 7.0428 | Val Loss: 7.6954 | LS: 0.0294 | LX: 4.5068 | LA: 1.5570 | HGR: 0.0405 | KL: 5.5623 | Ent: -0.1194 | Time: 0.09s
Epoch 40 | Train Loss: 6.9535 | Val Loss: 7.4494 | LS: 0.0261 | LX: 4.5021 | LA: 1.5494 | HGR: -0.0284 | KL: 5.4065 | Ent: -0.1084 | Time: 0.09s
Epoch 41 | Train Loss: 6.8804 | Val Loss: 7.3896 | LS: 0.0245 | LX: 4.4938 | LA: 1.5421 | HGR: 0.0140 | KL: 4.9300 | Ent: -0.1030 | Time: 0.09s
Epoch 42 | Train Loss: 6.8213 | Val Loss: 7.1845 | LS: 0.0223 | LX: 4.4945 | LA: 1.5343 | HGR: -0.0080 | KL: 4.7695 | Ent: -0.0956 | Time: 0.09s
Epoch 43 | Train Loss: 6.7819 | Val Loss: 7.5016 | LS: 0.0218 | LX: 4.4886 | LA: 1.5271 | HGR: 0.0332 | KL: 4.4144 | Ent: -0.0954 | Time: 0.09s
Epoch 44 | Train Loss: 6.7694 | Val Loss: 7.0990 | LS: 0.0151 | LX: 4.4893 | LA: 1.5208 | HGR: 0.0912 | KL: 5.0676 | Ent: -0.0693 | Time: 0.09s
Epoch 45 | Train Loss: 6.7228 | Val Loss: 7.1667 | LS: 0.0176 | LX: 4.4817 | LA: 1.5120 | HGR: 0.1254 | KL: 4.2643 | Ent: -0.0794 | Time: 0.09s
Epoch 46 | Train Loss: 6.6208 | Val Loss: 7.0466 | LS: 0.0140 | LX: 4.4776 | LA: 1.5061 | HGR: -0.0055 | KL: 4.3259 | Ent: -0.0670 | Time: 0.09s
Epoch 47 | Train Loss: 6.6570 | Val Loss: 6.9674 | LS: 0.0112 | LX: 4.4793 | LA: 1.4998 | HGR: 0.1622 | KL: 4.4154 | Ent: -0.0561 | Time: 0.09s
Epoch 48 | Train Loss: 6.5776 | Val Loss: 6.7404 | LS: 0.0142 | LX: 4.4728 | LA: 1.4927 | HGR: 0.0259 | KL: 3.9332 | Ent: -0.0656 | Time: 0.09s
Epoch 49 | Train Loss: 6.6219 | Val Loss: 7.1935 | LS: 0.0149 | LX: 4.4663 | LA: 1.4861 | HGR: 0.1801 | KL: 3.7045 | Ent: -0.0669 | Time: 0.09s
Epoch 50 | Train Loss: 6.6192 | Val Loss: 7.0264 | LS: 0.0095 | LX: 4.4752 | LA: 1.4813 | HGR: 0.1744 | KL: 4.4010 | Ent: -0.0442 | Time: 0.09s
Epoch 51 | Train Loss: 6.5762 | Val Loss: 6.7698 | LS: 0.0098 | LX: 4.4621 | LA: 1.4748 | HGR: 0.1933 | KL: 3.9597 | Ent: -0.0492 | Time: 0.09s
Epoch 52 | Train Loss: 6.5528 | Val Loss: 6.8281 | LS: 0.0120 | LX: 4.4629 | LA: 1.4690 | HGR: 0.1800 | KL: 3.5380 | Ent: -0.0567 | Time: 0.09s
Epoch 53 | Train Loss: 6.4452 | Val Loss: 6.5761 | LS: 0.0085 | LX: 4.4578 | LA: 1.4643 | HGR: 0.0568 | KL: 3.6687 | Ent: -0.0424 | Time: 0.09s
Epoch 54 | Train Loss: 6.5128 | Val Loss: 6.6706 | LS: 0.0067 | LX: 4.4645 | LA: 1.4595 | HGR: 0.2706 | KL: 3.5125 | Ent: -0.0357 | Time: 0.09s
Epoch 55 | Train Loss: 6.4162 | Val Loss: 6.5469 | LS: 0.0091 | LX: 4.4583 | LA: 1.4545 | HGR: 0.1034 | KL: 3.1548 | Ent: -0.0450 | Time: 0.09s
Epoch 56 | Train Loss: 6.4739 | Val Loss: 6.7039 | LS: 0.0062 | LX: 4.4512 | LA: 1.4500 | HGR: 0.3199 | KL: 3.1823 | Ent: -0.0323 | Time: 0.09s
Epoch 57 | Train Loss: 6.4809 | Val Loss: 6.4814 | LS: 0.0053 | LX: 4.4544 | LA: 1.4456 | HGR: 0.3655 | KL: 3.1696 | Ent: -0.0283 | Time: 0.09s
Epoch 58 | Train Loss: 6.4600 | Val Loss: 6.4651 | LS: 0.0067 | LX: 4.4532 | LA: 1.4418 | HGR: 0.3777 | KL: 2.7366 | Ent: -0.0356 | Time: 0.09s
Epoch 59 | Train Loss: 6.4540 | Val Loss: 6.5309 | LS: 0.0074 | LX: 4.4496 | LA: 1.4369 | HGR: 0.3857 | KL: 2.6247 | Ent: -0.0377 | Time: 0.09s
Epoch 60 | Train Loss: 6.4023 | Val Loss: 6.4552 | LS: 0.0056 | LX: 4.4549 | LA: 1.4333 | HGR: 0.3076 | KL: 2.7485 | Ent: -0.0296 | Time: 0.09s
Epoch 61 | Train Loss: 6.4021 | Val Loss: 6.4265 | LS: 0.0054 | LX: 4.4471 | LA: 1.4300 | HGR: 0.3617 | KL: 2.6111 | Ent: -0.0289 | Time: 0.09s
Epoch 62 | Train Loss: 6.3591 | Val Loss: 6.4804 | LS: 0.0093 | LX: 4.4479 | LA: 1.4274 | HGR: 0.2216 | KL: 2.4168 | Ent: -0.0382 | Time: 0.09s
Epoch 63 | Train Loss: 6.2898 | Val Loss: 6.6102 | LS: 0.0072 | LX: 4.4516 | LA: 1.4246 | HGR: 0.1297 | KL: 2.4486 | Ent: -0.0322 | Time: 0.09s
Epoch 64 | Train Loss: 6.3997 | Val Loss: 6.7101 | LS: 0.0050 | LX: 4.4581 | LA: 1.4203 | HGR: 0.3233 | KL: 2.8341 | Ent: -0.0261 | Time: 0.09s
Epoch 65 | Train Loss: 6.4974 | Val Loss: 6.6374 | LS: 0.0052 | LX: 4.4555 | LA: 1.4177 | HGR: 0.3418 | KL: 3.7550 | Ent: -0.0258 | Time: 0.09s
Epoch 66 | Train Loss: 6.3936 | Val Loss: 6.4869 | LS: 0.0052 | LX: 4.4579 | LA: 1.4153 | HGR: 0.2651 | KL: 3.0823 | Ent: -0.0274 | Time: 0.09s
Epoch 67 | Train Loss: 6.3354 | Val Loss: 6.4784 | LS: 0.0063 | LX: 4.4565 | LA: 1.4127 | HGR: 0.2345 | KL: 2.5616 | Ent: -0.0301 | Time: 0.09s
Epoch 68 | Train Loss: 6.3050 | Val Loss: 6.4176 | LS: 0.0038 | LX: 4.4563 | LA: 1.4091 | HGR: 0.2407 | KL: 2.6032 | Ent: -0.0205 | Time: 0.09s
Epoch 69 | Train Loss: 6.3130 | Val Loss: 6.3001 | LS: 0.0061 | LX: 4.4533 | LA: 1.4065 | HGR: 0.2361 | KL: 2.5720 | Ent: -0.0168 | Time: 0.09s
Epoch 70 | Train Loss: 6.2719 | Val Loss: 6.2086 | LS: 0.0041 | LX: 4.4519 | LA: 1.4056 | HGR: 0.2555 | KL: 2.2410 | Ent: -0.0219 | Time: 0.09s
Epoch 71 | Train Loss: 6.2408 | Val Loss: 6.2188 | LS: 0.0058 | LX: 4.4502 | LA: 1.4033 | HGR: 0.1834 | KL: 2.1255 | Ent: -0.0248 | Time: 0.09s
Epoch 72 | Train Loss: 6.2029 | Val Loss: 6.1981 | LS: 0.0033 | LX: 4.4503 | LA: 1.4013 | HGR: 0.1647 | KL: 2.1769 | Ent: -0.0180 | Time: 0.09s
Epoch 73 | Train Loss: 6.1982 | Val Loss: 6.1374 | LS: 0.0037 | LX: 4.4518 | LA: 1.3995 | HGR: 0.1300 | KL: 2.2682 | Ent: -0.0176 | Time: 0.09s
Epoch 74 | Train Loss: 6.1605 | Val Loss: 6.1219 | LS: 0.0030 | LX: 4.4520 | LA: 1.3986 | HGR: 0.1094 | KL: 2.0864 | Ent: -0.0167 | Time: 0.09s
Epoch 75 | Train Loss: 6.1586 | Val Loss: 6.1192 | LS: 0.0052 | LX: 4.4506 | LA: 1.3973 | HGR: 0.0820 | KL: 1.9468 | Ent: -0.0232 | Time: 0.09s
Epoch 76 | Train Loss: 6.1987 | Val Loss: 6.1905 | LS: 0.0039 | LX: 4.4529 | LA: 1.3955 | HGR: 0.1960 | KL: 1.9449 | Ent: -0.0191 | Time: 0.09s
Epoch 77 | Train Loss: 6.2599 | Val Loss: 6.2591 | LS: 0.0058 | LX: 4.4512 | LA: 1.3943 | HGR: 0.2653 | KL: 2.0239 | Ent: -0.0213 | Time: 0.09s
Epoch 78 | Train Loss: 6.1755 | Val Loss: 6.2357 | LS: 0.0019 | LX: 4.4563 | LA: 1.3935 | HGR: 0.1601 | KL: 2.1468 | Ent: -0.0117 | Time: 0.09s
Epoch 79 | Train Loss: 6.1815 | Val Loss: 6.1976 | LS: 0.0035 | LX: 4.4501 | LA: 1.3918 | HGR: 0.1591 | KL: 2.1105 | Ent: -0.0141 | Time: 0.09s
Epoch 80 | Train Loss: 6.1609 | Val Loss: 6.1986 | LS: 0.0072 | LX: 4.4543 | LA: 1.3901 | HGR: 0.0581 | KL: 1.9678 | Ent: -0.0190 | Time: 0.09s
Epoch 81 | Train Loss: 6.1496 | Val Loss: 6.1564 | LS: 0.0035 | LX: 4.4581 | LA: 1.3890 | HGR: 0.1180 | KL: 1.9029 | Ent: -0.0178 | Time: 0.09s
Epoch 82 | Train Loss: 6.3920 | Val Loss: 6.2184 | LS: 0.0217 | LX: 4.4486 | LA: 1.3878 | HGR: 0.2626 | KL: 1.9141 | Ent: -0.0161 | Time: 0.09s
Epoch 83 | Train Loss: 6.1991 | Val Loss: 6.1693 | LS: 0.0040 | LX: 4.4585 | LA: 1.3867 | HGR: 0.1992 | KL: 1.9893 | Ent: -0.0158 | Time: 0.09s
Epoch 84 | Train Loss: 6.2204 | Val Loss: 6.1598 | LS: 0.0028 | LX: 4.4588 | LA: 1.3851 | HGR: 0.2803 | KL: 1.9632 | Ent: -0.0124 | Time: 0.09s
Epoch 85 | Train Loss: 6.1426 | Val Loss: 6.1594 | LS: 0.0033 | LX: 4.4478 | LA: 1.3834 | HGR: 0.1531 | KL: 1.8412 | Ent: -0.0173 | Time: 0.09s
Epoch 86 | Train Loss: 6.1901 | Val Loss: 6.1944 | LS: 0.0042 | LX: 4.4514 | LA: 1.3829 | HGR: 0.2299 | KL: 1.8046 | Ent: -0.0183 | Time: 0.09s
Epoch 87 | Train Loss: 6.1701 | Val Loss: 6.1856 | LS: 0.0029 | LX: 4.4525 | LA: 1.3820 | HGR: 0.2137 | KL: 1.8472 | Ent: -0.0150 | Time: 0.09s
Epoch 88 | Train Loss: 6.1563 | Val Loss: 6.1492 | LS: 0.0016 | LX: 4.4503 | LA: 1.3819 | HGR: 0.2137 | KL: 1.9234 | Ent: -0.0093 | Time: 0.09s
Epoch 89 | Train Loss: 6.1068 | Val Loss: 6.1015 | LS: 0.0015 | LX: 4.4503 | LA: 1.3820 | HGR: 0.1277 | KL: 1.8617 | Ent: -0.0093 | Time: 0.09s
Epoch 90 | Train Loss: 6.1717 | Val Loss: 6.1297 | LS: 0.0066 | LX: 4.4472 | LA: 1.3829 | HGR: 0.1710 | KL: 1.7362 | Ent: -0.0162 | Time: 0.09s
Epoch 91 | Train Loss: 6.2024 | Val Loss: 6.1636 | LS: 0.0096 | LX: 4.4501 | LA: 1.3831 | HGR: 0.1698 | KL: 1.6567 | Ent: -0.0221 | Time: 0.09s
Epoch 92 | Train Loss: 6.1705 | Val Loss: 6.2312 | LS: 0.0060 | LX: 4.4448 | LA: 1.3823 | HGR: 0.1868 | KL: 1.6705 | Ent: -0.0234 | Time: 0.09s
Epoch 93 | Train Loss: 6.1595 | Val Loss: 6.2855 | LS: 0.0031 | LX: 4.4459 | LA: 1.3794 | HGR: 0.2160 | KL: 1.7944 | Ent: -0.0156 | Time: 0.09s
Epoch 94 | Train Loss: 6.0997 | Val Loss: 6.2911 | LS: 0.0024 | LX: 4.4510 | LA: 1.3782 | HGR: 0.0726 | KL: 1.9801 | Ent: -0.0119 | Time: 0.09s
Epoch 95 | Train Loss: 6.0666 | Val Loss: 6.3188 | LS: 0.0018 | LX: 4.4494 | LA: 1.3770 | HGR: 0.0206 | KL: 2.0181 | Ent: -0.0099 | Time: 0.09s
Epoch 96 | Train Loss: 6.0324 | Val Loss: 6.3818 | LS: 0.0025 | LX: 4.4490 | LA: 1.3772 | HGR: -0.0545 | KL: 1.9606 | Ent: -0.0120 | Time: 0.09s
Epoch 97 | Train Loss: 6.0978 | Val Loss: 6.4921 | LS: 0.0034 | LX: 4.4461 | LA: 1.3771 | HGR: 0.0627 | KL: 1.9473 | Ent: -0.0142 | Time: 0.09s
Epoch 98 | Train Loss: 6.0846 | Val Loss: 6.6565 | LS: 0.0034 | LX: 4.4431 | LA: 1.3759 | HGR: 0.0434 | KL: 1.9723 | Ent: -0.0128 | Time: 0.09s
Epoch 99 | Train Loss: 6.0708 | Val Loss: 6.7741 | LS: 0.0034 | LX: 4.4461 | LA: 1.3757 | HGR: -0.0086 | KL: 2.0804 | Ent: -0.0108 | Time: 0.09s
Epoch 100 | Train Loss: 6.0921 | Val Loss: 6.6096 | LS: 0.0027 | LX: 4.4473 | LA: 1.3755 | HGR: 0.0341 | KL: 2.1338 | Ent: -0.0118 | Time: 0.09s
Epoch 101 | Train Loss: 6.1262 | Val Loss: 6.5223 | LS: 0.0028 | LX: 4.4446 | LA: 1.3744 | HGR: 0.1208 | KL: 2.0653 | Ent: -0.0126 | Time: 0.09s
Epoch 102 | Train Loss: 6.1489 | Val Loss: 6.4191 | LS: 0.0026 | LX: 4.4431 | LA: 1.3738 | HGR: 0.1780 | KL: 2.0513 | Ent: -0.0115 | Time: 0.09s
Epoch 103 | Train Loss: 6.1180 | Val Loss: 6.3515 | LS: 0.0045 | LX: 4.4416 | LA: 1.3723 | HGR: 0.0905 | KL: 1.9922 | Ent: -0.0143 | Time: 0.09s
Epoch 104 | Train Loss: 6.1146 | Val Loss: 6.3351 | LS: 0.0039 | LX: 4.4416 | LA: 1.3713 | HGR: 0.0935 | KL: 2.0340 | Ent: -0.0126 | Time: 0.09s
Epoch 105 | Train Loss: 6.1414 | Val Loss: 6.2760 | LS: 0.0062 | LX: 4.4431 | LA: 1.3722 | HGR: 0.0912 | KL: 2.0662 | Ent: -0.0122 | Time: 0.09s
Epoch 106 | Train Loss: 6.1528 | Val Loss: 6.2287 | LS: 0.0024 | LX: 4.4456 | LA: 1.3720 | HGR: 0.1988 | KL: 1.9994 | Ent: -0.0115 | Time: 0.09s
Epoch 107 | Train Loss: 6.1540 | Val Loss: 6.1792 | LS: 0.0088 | LX: 4.4412 | LA: 1.3724 | HGR: 0.0972 | KL: 1.8926 | Ent: -0.0144 | Time: 0.09s
Epoch 108 | Train Loss: 6.1145 | Val Loss: 6.1329 | LS: 0.0058 | LX: 4.4433 | LA: 1.3724 | HGR: 0.0749 | KL: 1.8861 | Ent: -0.0148 | Time: 0.09s
Epoch 109 | Train Loss: 6.1683 | Val Loss: 6.0974 | LS: 0.0059 | LX: 4.4462 | LA: 1.3728 | HGR: 0.1797 | KL: 1.9324 | Ent: -0.0075 | Time: 0.09s
Early stopping at epoch 109
VGAE Training Finished. Total Time: 10.89s
