{'model': 'vgae', 'task': 'train', 'dataset': 'pokec_n', 'dgl_data': False, 'device': 'cuda', 'seed': 0, 'epochs': 200, 'print_every': 1, 'save_every': -1, 'lr': 0.001, 'weight_decay': 0.0005, 'hidden': 64, 'patience': 20, 'warmup': 50, 'dropout': 0.0, 'kd_temp': 4, 'kd_lambda': 0.5, 'hidden_vgae': 256, 'latent_size': 32, 'hgr_steps_per_epoch': 10, 'lambda_hgr': 0.5, 'hidden_hgr': 512, 'channels': 8, 'lambda_dd': 0.1, 'alpha': 0.1, 'beta': 1.0, 'gamma': 5.0, 'adv_steps_per_epoch': 2, 'mask_warmup': 0.4}
--- Starting train VGAE on pokec_n ---
Starting Stage 1 (VGAE) training on pokec_n...
Epoch 1 | Train Loss: 262.8641 | Val Loss: 128.1275 | LS: 0.6802 | LX: 252.1136 | LA: 3.2585 | HGR: -0.0134 | KL: 0.2945 | Ent: -0.6903 | Time: 0.76s
Epoch 2 | Train Loss: 138.6818 | Val Loss: 62.7108 | LS: 0.6895 | LX: 127.9507 | LA: 3.1448 | HGR: 0.0059 | KL: 0.2935 | Ent: -0.6911 | Time: 0.33s
Epoch 3 | Train Loss: 71.1290 | Val Loss: 31.9199 | LS: 0.6993 | LX: 60.4061 | LA: 3.0393 | HGR: 0.0257 | KL: 0.3936 | Ent: -0.6910 | Time: 0.33s
Epoch 4 | Train Loss: 39.2743 | Val Loss: 18.0270 | LS: 0.7118 | LX: 28.5246 | LA: 2.9418 | HGR: 0.0411 | KL: 0.5796 | Ent: -0.6899 | Time: 0.33s
Epoch 5 | Train Loss: 25.0226 | Val Loss: 13.1017 | LS: 0.7251 | LX: 14.2341 | LA: 2.8493 | HGR: 0.0611 | KL: 0.8452 | Ent: -0.6878 | Time: 0.33s
Epoch 6 | Train Loss: 20.0564 | Val Loss: 11.7085 | LS: 0.7378 | LX: 9.2285 | LA: 2.7654 | HGR: 0.0414 | KL: 1.1676 | Ent: -0.6848 | Time: 0.33s
Epoch 7 | Train Loss: 18.6964 | Val Loss: 11.0590 | LS: 0.7470 | LX: 7.8378 | LA: 2.6910 | HGR: 0.0525 | KL: 1.4227 | Ent: -0.6822 | Time: 0.33s
Epoch 8 | Train Loss: 18.0723 | Val Loss: 10.7238 | LS: 0.7516 | LX: 7.2142 | LA: 2.6279 | HGR: 0.0030 | KL: 1.4794 | Ent: -0.6814 | Time: 0.33s
Epoch 9 | Train Loss: 17.6560 | Val Loss: 10.2639 | LS: 0.7470 | LX: 6.8856 | LA: 2.5725 | HGR: 0.0562 | KL: 1.4153 | Ent: -0.6824 | Time: 0.33s
Epoch 10 | Train Loss: 17.1405 | Val Loss: 9.6231 | LS: 0.7452 | LX: 6.4310 | LA: 2.5194 | HGR: 0.0200 | KL: 1.3307 | Ent: -0.6829 | Time: 0.33s
Epoch 11 | Train Loss: 16.4472 | Val Loss: 8.9452 | LS: 0.7410 | LX: 5.8220 | LA: 2.4692 | HGR: 0.0324 | KL: 1.2303 | Ent: -0.6841 | Time: 0.33s
Epoch 12 | Train Loss: 15.7455 | Val Loss: 8.1511 | LS: 0.7385 | LX: 5.1896 | LA: 2.4219 | HGR: 0.0146 | KL: 1.0904 | Ent: -0.6850 | Time: 0.33s
Epoch 13 | Train Loss: 14.8669 | Val Loss: 7.2777 | LS: 0.7321 | LX: 4.4226 | LA: 2.3783 | HGR: 0.0127 | KL: 0.8998 | Ent: -0.6867 | Time: 0.33s
Epoch 14 | Train Loss: 13.8864 | Val Loss: 6.5875 | LS: 0.7249 | LX: 3.5618 | LA: 2.3375 | HGR: 0.0103 | KL: 0.6975 | Ent: -0.6880 | Time: 0.33s
Epoch 15 | Train Loss: 13.1113 | Val Loss: 6.1576 | LS: 0.7186 | LX: 2.8982 | LA: 2.2986 | HGR: 0.0077 | KL: 0.5154 | Ent: -0.6894 | Time: 0.33s
Epoch 16 | Train Loss: 12.6348 | Val Loss: 5.8984 | LS: 0.7140 | LX: 2.5140 | LA: 2.2612 | HGR: 0.0142 | KL: 0.3660 | Ent: -0.6904 | Time: 0.33s
Epoch 17 | Train Loss: 12.3261 | Val Loss: 5.8512 | LS: 0.7077 | LX: 2.3119 | LA: 2.2255 | HGR: -0.0068 | KL: 0.2462 | Ent: -0.6911 | Time: 0.33s
Epoch 18 | Train Loss: 12.2295 | Val Loss: 5.8975 | LS: 0.7022 | LX: 2.3109 | LA: 2.1913 | HGR: -0.0208 | KL: 0.1555 | Ent: -0.6916 | Time: 0.33s
Epoch 19 | Train Loss: 12.2371 | Val Loss: 5.8392 | LS: 0.6988 | LX: 2.3902 | LA: 2.1584 | HGR: 0.0083 | KL: 0.0959 | Ent: -0.6920 | Time: 0.33s
Epoch 20 | Train Loss: 12.1152 | Val Loss: 5.6448 | LS: 0.6926 | LX: 2.3655 | LA: 2.1259 | HGR: -0.0044 | KL: 0.0634 | Ent: -0.6922 | Time: 0.33s
Epoch 21 | Train Loss: 11.8920 | Val Loss: 5.4302 | LS: 0.6892 | LX: 2.2092 | LA: 2.0941 | HGR: -0.0096 | KL: 0.0496 | Ent: -0.6921 | Time: 0.33s
Epoch 22 | Train Loss: 11.6474 | Val Loss: 5.2668 | LS: 0.6855 | LX: 2.0333 | LA: 2.0629 | HGR: 0.0096 | KL: 0.0477 | Ent: -0.6920 | Time: 0.33s
Epoch 23 | Train Loss: 11.4571 | Val Loss: 5.1811 | LS: 0.6824 | LX: 1.9034 | LA: 2.0328 | HGR: 0.0120 | KL: 0.0543 | Ent: -0.6917 | Time: 0.33s
Epoch 24 | Train Loss: 11.3190 | Val Loss: 5.1492 | LS: 0.6772 | LX: 1.8457 | LA: 2.0034 | HGR: -0.0014 | KL: 0.0686 | Ent: -0.6913 | Time: 0.33s
Epoch 25 | Train Loss: 11.2583 | Val Loss: 5.1279 | LS: 0.6736 | LX: 1.8478 | LA: 1.9750 | HGR: -0.0039 | KL: 0.0893 | Ent: -0.6908 | Time: 0.33s
Epoch 26 | Train Loss: 11.2035 | Val Loss: 5.0732 | LS: 0.6697 | LX: 1.8579 | LA: 1.9473 | HGR: -0.0109 | KL: 0.1161 | Ent: -0.6901 | Time: 0.33s
Epoch 27 | Train Loss: 11.1107 | Val Loss: 5.0141 | LS: 0.6656 | LX: 1.8302 | LA: 1.9201 | HGR: 0.0309 | KL: 0.1484 | Ent: -0.6892 | Time: 0.33s
Epoch 28 | Train Loss: 11.0180 | Val Loss: 4.9592 | LS: 0.6628 | LX: 1.7897 | LA: 1.8938 | HGR: 0.0041 | KL: 0.1854 | Ent: -0.6881 | Time: 0.33s
Epoch 29 | Train Loss: 10.9176 | Val Loss: 4.9201 | LS: 0.6587 | LX: 1.7535 | LA: 1.8682 | HGR: 0.0015 | KL: 0.2269 | Ent: -0.6868 | Time: 0.33s
Epoch 30 | Train Loss: 10.8255 | Val Loss: 4.9067 | LS: 0.6545 | LX: 1.7258 | LA: 1.8431 | HGR: 0.0015 | KL: 0.2682 | Ent: -0.6853 | Time: 0.33s
Epoch 31 | Train Loss: 10.7690 | Val Loss: 4.8964 | LS: 0.6518 | LX: 1.7185 | LA: 1.8184 | HGR: 0.0009 | KL: 0.3121 | Ent: -0.6832 | Time: 0.33s
Epoch 32 | Train Loss: 10.6973 | Val Loss: 4.8823 | LS: 0.6474 | LX: 1.7120 | LA: 1.7944 | HGR: 0.0032 | KL: 0.3623 | Ent: -0.6809 | Time: 0.33s
Epoch 33 | Train Loss: 10.6100 | Val Loss: 4.8752 | LS: 0.6421 | LX: 1.7020 | LA: 1.7709 | HGR: -0.0260 | KL: 0.4202 | Ent: -0.6781 | Time: 0.33s
Epoch 34 | Train Loss: 10.5458 | Val Loss: 4.8654 | LS: 0.6381 | LX: 1.6911 | LA: 1.7480 | HGR: 0.0177 | KL: 0.4833 | Ent: -0.6749 | Time: 0.33s
Epoch 35 | Train Loss: 10.4844 | Val Loss: 4.8500 | LS: 0.6345 | LX: 1.6875 | LA: 1.7260 | HGR: -0.0003 | KL: 0.5568 | Ent: -0.6706 | Time: 0.33s
Epoch 36 | Train Loss: 10.3992 | Val Loss: 4.8257 | LS: 0.6285 | LX: 1.6799 | LA: 1.7049 | HGR: -0.0002 | KL: 0.6369 | Ent: -0.6659 | Time: 0.33s
Epoch 37 | Train Loss: 10.3266 | Val Loss: 4.8222 | LS: 0.6242 | LX: 1.6749 | LA: 1.6842 | HGR: -0.0248 | KL: 0.7019 | Ent: -0.6611 | Time: 0.33s
Epoch 38 | Train Loss: 10.2561 | Val Loss: 4.8092 | LS: 0.6189 | LX: 1.6731 | LA: 1.6638 | HGR: 0.0064 | KL: 0.7263 | Ent: -0.6562 | Time: 0.33s
Epoch 39 | Train Loss: 10.1616 | Val Loss: 4.7796 | LS: 0.6116 | LX: 1.6747 | LA: 1.6442 | HGR: 0.0016 | KL: 0.7509 | Ent: -0.6514 | Time: 0.33s
Epoch 40 | Train Loss: 10.0604 | Val Loss: 4.7757 | LS: 0.6032 | LX: 1.6794 | LA: 1.6255 | HGR: -0.0145 | KL: 0.8226 | Ent: -0.6450 | Time: 0.33s
Epoch 41 | Train Loss: 9.9477 | Val Loss: 4.7787 | LS: 0.5933 | LX: 1.6837 | LA: 1.6073 | HGR: -0.0061 | KL: 0.8765 | Ent: -0.6382 | Time: 0.33s
Epoch 42 | Train Loss: 9.8383 | Val Loss: 4.8057 | LS: 0.5820 | LX: 1.6982 | LA: 1.5894 | HGR: 0.0043 | KL: 0.9867 | Ent: -0.6311 | Time: 0.33s
Epoch 43 | Train Loss: 9.7402 | Val Loss: 4.8562 | LS: 0.5710 | LX: 1.7287 | LA: 1.5723 | HGR: -0.0261 | KL: 1.1979 | Ent: -0.6185 | Time: 0.33s
Epoch 44 | Train Loss: 9.5895 | Val Loss: 4.8820 | LS: 0.5521 | LX: 1.7643 | LA: 1.5549 | HGR: 0.0141 | KL: 1.3617 | Ent: -0.6083 | Time: 0.33s
Epoch 45 | Train Loss: 9.3954 | Val Loss: 4.9120 | LS: 0.5291 | LX: 1.8022 | LA: 1.5388 | HGR: -0.0159 | KL: 1.8099 | Ent: -0.5882 | Time: 0.33s
Epoch 46 | Train Loss: 9.2365 | Val Loss: 4.9249 | LS: 0.5103 | LX: 1.8219 | LA: 1.5217 | HGR: -0.0015 | KL: 2.1674 | Ent: -0.5743 | Time: 0.33s
Epoch 47 | Train Loss: 9.0230 | Val Loss: 4.9981 | LS: 0.4858 | LX: 1.8281 | LA: 1.5054 | HGR: -0.0038 | KL: 2.8155 | Ent: -0.5517 | Time: 0.33s
Epoch 48 | Train Loss: 8.8173 | Val Loss: 5.0028 | LS: 0.4614 | LX: 1.8140 | LA: 1.4897 | HGR: 0.0202 | KL: 3.6986 | Ent: -0.5210 | Time: 0.33s
Epoch 49 | Train Loss: 8.6277 | Val Loss: 5.0838 | LS: 0.4422 | LX: 1.7853 | LA: 1.4737 | HGR: 0.0186 | KL: 4.2092 | Ent: -0.5171 | Time: 0.33s
Epoch 50 | Train Loss: 8.4163 | Val Loss: 4.9957 | LS: 0.4183 | LX: 1.7336 | LA: 1.4609 | HGR: 0.0237 | KL: 5.7008 | Ent: -0.4573 | Time: 0.33s
Epoch 51 | Train Loss: 8.2086 | Val Loss: 4.9971 | LS: 0.4018 | LX: 1.7131 | LA: 1.4464 | HGR: 0.0009 | KL: 5.5008 | Ent: -0.4810 | Time: 0.33s
Epoch 52 | Train Loss: 8.0103 | Val Loss: 5.0335 | LS: 0.3821 | LX: 1.6870 | LA: 1.4349 | HGR: 0.0241 | KL: 6.1054 | Ent: -0.4447 | Time: 0.33s
Epoch 53 | Train Loss: 7.8629 | Val Loss: 4.9446 | LS: 0.3687 | LX: 1.6734 | LA: 1.4245 | HGR: 0.0195 | KL: 6.4855 | Ent: -0.4199 | Time: 0.33s
Epoch 54 | Train Loss: 7.7375 | Val Loss: 4.9233 | LS: 0.3587 | LX: 1.6796 | LA: 1.4138 | HGR: 0.0079 | KL: 6.0463 | Ent: -0.4486 | Time: 0.33s
Epoch 55 | Train Loss: 7.5558 | Val Loss: 4.8393 | LS: 0.3433 | LX: 1.6783 | LA: 1.4057 | HGR: -0.0001 | KL: 6.3317 | Ent: -0.4056 | Time: 0.33s
Epoch 56 | Train Loss: 7.4560 | Val Loss: 4.8698 | LS: 0.3349 | LX: 1.6763 | LA: 1.3979 | HGR: 0.0293 | KL: 6.3051 | Ent: -0.3880 | Time: 0.33s
Epoch 57 | Train Loss: 7.3429 | Val Loss: 4.7614 | LS: 0.3263 | LX: 1.6877 | LA: 1.3894 | HGR: 0.0136 | KL: 5.7420 | Ent: -0.4219 | Time: 0.33s
Epoch 58 | Train Loss: 7.1668 | Val Loss: 4.7725 | LS: 0.3132 | LX: 1.6780 | LA: 1.3838 | HGR: 0.0170 | KL: 5.7566 | Ent: -0.3884 | Time: 0.33s
Epoch 59 | Train Loss: 7.1315 | Val Loss: 4.7166 | LS: 0.3112 | LX: 1.6631 | LA: 1.3799 | HGR: 0.0290 | KL: 6.1242 | Ent: -0.3493 | Time: 0.33s
Epoch 60 | Train Loss: 6.9005 | Val Loss: 4.7092 | LS: 0.2924 | LX: 1.6701 | LA: 1.3721 | HGR: 0.0027 | KL: 5.6022 | Ent: -0.3724 | Time: 0.33s
Epoch 61 | Train Loss: 6.7817 | Val Loss: 4.7507 | LS: 0.2820 | LX: 1.6669 | LA: 1.3670 | HGR: 0.0094 | KL: 5.5653 | Ent: -0.3669 | Time: 0.33s
Epoch 62 | Train Loss: 6.7155 | Val Loss: 4.7088 | LS: 0.2767 | LX: 1.6553 | LA: 1.3654 | HGR: 0.0231 | KL: 5.9059 | Ent: -0.3261 | Time: 0.33s
Epoch 63 | Train Loss: 6.5281 | Val Loss: 4.6541 | LS: 0.2595 | LX: 1.6585 | LA: 1.3593 | HGR: 0.0337 | KL: 5.7060 | Ent: -0.3281 | Time: 0.33s
Epoch 64 | Train Loss: 6.4363 | Val Loss: 4.6616 | LS: 0.2517 | LX: 1.6591 | LA: 1.3532 | HGR: 0.0268 | KL: 5.6297 | Ent: -0.3310 | Time: 0.33s
Epoch 65 | Train Loss: 6.3260 | Val Loss: 4.6320 | LS: 0.2457 | LX: 1.6509 | LA: 1.3502 | HGR: -0.0152 | KL: 5.7970 | Ent: -0.2958 | Time: 0.33s
Epoch 66 | Train Loss: 6.1911 | Val Loss: 4.6360 | LS: 0.2319 | LX: 1.6517 | LA: 1.3438 | HGR: 0.0193 | KL: 5.6752 | Ent: -0.2989 | Time: 0.33s
Epoch 67 | Train Loss: 6.0090 | Val Loss: 4.6018 | LS: 0.2160 | LX: 1.6468 | LA: 1.3403 | HGR: 0.0096 | KL: 5.7573 | Ent: -0.2812 | Time: 0.33s
Epoch 68 | Train Loss: 5.9217 | Val Loss: 4.6322 | LS: 0.2092 | LX: 1.6449 | LA: 1.3365 | HGR: -0.0040 | KL: 5.7325 | Ent: -0.2769 | Time: 0.33s
Epoch 69 | Train Loss: 5.8579 | Val Loss: 4.5734 | LS: 0.2044 | LX: 1.6395 | LA: 1.3360 | HGR: -0.0180 | KL: 5.9829 | Ent: -0.2495 | Time: 0.33s
Epoch 70 | Train Loss: 5.7034 | Val Loss: 4.5581 | LS: 0.1913 | LX: 1.6425 | LA: 1.3306 | HGR: -0.0160 | KL: 5.7678 | Ent: -0.2490 | Time: 0.33s
Epoch 71 | Train Loss: 5.6086 | Val Loss: 4.5537 | LS: 0.1817 | LX: 1.6407 | LA: 1.3264 | HGR: 0.0252 | KL: 5.7288 | Ent: -0.2389 | Time: 0.33s
Epoch 72 | Train Loss: 5.5162 | Val Loss: 4.5457 | LS: 0.1764 | LX: 1.6373 | LA: 1.3232 | HGR: -0.0067 | KL: 5.7381 | Ent: -0.2218 | Time: 0.33s
Epoch 73 | Train Loss: 5.4232 | Val Loss: 4.5583 | LS: 0.1662 | LX: 1.6407 | LA: 1.3185 | HGR: 0.0220 | KL: 5.5883 | Ent: -0.2323 | Time: 0.33s
Epoch 74 | Train Loss: 5.2891 | Val Loss: 4.6764 | LS: 0.1546 | LX: 1.6407 | LA: 1.3170 | HGR: 0.0388 | KL: 5.5775 | Ent: -0.2087 | Time: 0.33s
Epoch 75 | Train Loss: 5.4062 | Val Loss: 4.6414 | LS: 0.1645 | LX: 1.6348 | LA: 1.3193 | HGR: 0.0017 | KL: 6.1641 | Ent: -0.1900 | Time: 0.33s
Epoch 76 | Train Loss: 5.2579 | Val Loss: 4.5475 | LS: 0.1516 | LX: 1.6362 | LA: 1.3152 | HGR: 0.0103 | KL: 6.0575 | Ent: -0.1797 | Time: 0.33s
Epoch 77 | Train Loss: 5.1381 | Val Loss: 4.5594 | LS: 0.1427 | LX: 1.6424 | LA: 1.3086 | HGR: 0.0217 | KL: 5.6062 | Ent: -0.1887 | Time: 0.33s
Epoch 78 | Train Loss: 5.1475 | Val Loss: 4.5611 | LS: 0.1432 | LX: 1.6427 | LA: 1.3065 | HGR: 0.0434 | KL: 5.5863 | Ent: -0.1857 | Time: 0.33s
Epoch 79 | Train Loss: 4.8796 | Val Loss: 4.5663 | LS: 0.1199 | LX: 1.6378 | LA: 1.3055 | HGR: 0.0077 | KL: 5.6721 | Ent: -0.1658 | Time: 0.33s
Epoch 80 | Train Loss: 4.8238 | Val Loss: 4.5006 | LS: 0.1143 | LX: 1.6329 | LA: 1.3042 | HGR: 0.0374 | KL: 5.6834 | Ent: -0.1568 | Time: 0.33s
Epoch 81 | Train Loss: 4.8295 | Val Loss: 4.4993 | LS: 0.1201 | LX: 1.6325 | LA: 1.3000 | HGR: -0.0304 | KL: 5.4890 | Ent: -0.1620 | Time: 0.33s
Epoch 82 | Train Loss: 4.6352 | Val Loss: 4.6517 | LS: 0.1022 | LX: 1.6295 | LA: 1.2970 | HGR: -0.0156 | KL: 5.5117 | Ent: -0.1428 | Time: 0.33s
Epoch 83 | Train Loss: 4.9117 | Val Loss: 4.6161 | LS: 0.1231 | LX: 1.6270 | LA: 1.2998 | HGR: 0.0060 | KL: 6.1202 | Ent: -0.1393 | Time: 0.33s
Epoch 84 | Train Loss: 4.8455 | Val Loss: 4.4588 | LS: 0.1176 | LX: 1.6305 | LA: 1.2984 | HGR: 0.0028 | KL: 6.0450 | Ent: -0.1348 | Time: 0.33s
Epoch 85 | Train Loss: 4.5669 | Val Loss: 4.4346 | LS: 0.0962 | LX: 1.6372 | LA: 1.2928 | HGR: 0.0157 | KL: 5.3654 | Ent: -0.1305 | Time: 0.33s
Epoch 86 | Train Loss: 4.4896 | Val Loss: 4.4878 | LS: 0.0917 | LX: 1.6305 | LA: 1.2918 | HGR: -0.0016 | KL: 5.2425 | Ent: -0.1272 | Time: 0.33s
Epoch 87 | Train Loss: 4.4935 | Val Loss: 4.4320 | LS: 0.0917 | LX: 1.6341 | LA: 1.2920 | HGR: -0.0173 | KL: 5.3626 | Ent: -0.1229 | Time: 0.33s
Epoch 88 | Train Loss: 4.3813 | Val Loss: 4.3768 | LS: 0.0826 | LX: 1.6321 | LA: 1.2878 | HGR: 0.0019 | KL: 5.1342 | Ent: -0.1213 | Time: 0.33s
Epoch 89 | Train Loss: 4.4622 | Val Loss: 4.3773 | LS: 0.0928 | LX: 1.6281 | LA: 1.2871 | HGR: 0.0022 | KL: 4.9255 | Ent: -0.1252 | Time: 0.33s
Epoch 90 | Train Loss: 4.3486 | Val Loss: 4.4854 | LS: 0.0820 | LX: 1.6409 | LA: 1.2852 | HGR: 0.0013 | KL: 4.8958 | Ent: -0.1122 | Time: 0.33s
Epoch 91 | Train Loss: 4.3959 | Val Loss: 4.4778 | LS: 0.0823 | LX: 1.6390 | LA: 1.2849 | HGR: 0.0175 | KL: 5.2986 | Ent: -0.1103 | Time: 0.33s
Epoch 92 | Train Loss: 4.3220 | Val Loss: 4.3472 | LS: 0.0768 | LX: 1.6330 | LA: 1.2821 | HGR: 0.0244 | KL: 5.1759 | Ent: -0.1089 | Time: 0.33s
Epoch 93 | Train Loss: 4.2686 | Val Loss: 4.3086 | LS: 0.0769 | LX: 1.6312 | LA: 1.2773 | HGR: 0.0334 | KL: 4.6923 | Ent: -0.1055 | Time: 0.33s
Epoch 94 | Train Loss: 4.1863 | Val Loss: 4.4437 | LS: 0.0699 | LX: 1.6276 | LA: 1.2762 | HGR: 0.0253 | KL: 4.6945 | Ent: -0.1014 | Time: 0.33s
Epoch 95 | Train Loss: 4.2347 | Val Loss: 4.4359 | LS: 0.0720 | LX: 1.6272 | LA: 1.2780 | HGR: 0.0005 | KL: 5.0700 | Ent: -0.1020 | Time: 0.33s
Epoch 96 | Train Loss: 4.1778 | Val Loss: 4.3603 | LS: 0.0684 | LX: 1.6295 | LA: 1.2773 | HGR: -0.0268 | KL: 5.0485 | Ent: -0.0952 | Time: 0.33s
Epoch 97 | Train Loss: 4.1710 | Val Loss: 4.3503 | LS: 0.0702 | LX: 1.6281 | LA: 1.2743 | HGR: -0.0170 | KL: 4.7965 | Ent: -0.0954 | Time: 0.33s
Epoch 98 | Train Loss: 4.1534 | Val Loss: 4.4049 | LS: 0.0676 | LX: 1.6270 | LA: 1.2710 | HGR: 0.0187 | KL: 4.7677 | Ent: -0.0928 | Time: 0.33s
Epoch 99 | Train Loss: 4.1129 | Val Loss: 4.3877 | LS: 0.0627 | LX: 1.6248 | LA: 1.2655 | HGR: 0.0184 | KL: 5.0107 | Ent: -0.0849 | Time: 0.33s
Epoch 100 | Train Loss: 4.0175 | Val Loss: 4.3380 | LS: 0.0558 | LX: 1.6238 | LA: 1.2633 | HGR: -0.0131 | KL: 4.9645 | Ent: -0.0829 | Time: 0.33s
Epoch 101 | Train Loss: 4.1110 | Val Loss: 4.3410 | LS: 0.0641 | LX: 1.6226 | LA: 1.2664 | HGR: 0.0291 | KL: 4.8150 | Ent: -0.0847 | Time: 0.33s
Epoch 102 | Train Loss: 4.0572 | Val Loss: 4.3970 | LS: 0.0601 | LX: 1.6246 | LA: 1.2669 | HGR: -0.0069 | KL: 4.8588 | Ent: -0.0825 | Time: 0.33s
Epoch 103 | Train Loss: 3.9897 | Val Loss: 4.3525 | LS: 0.0521 | LX: 1.6240 | LA: 1.2650 | HGR: 0.0135 | KL: 4.9618 | Ent: -0.0766 | Time: 0.33s
Epoch 104 | Train Loss: 3.9832 | Val Loss: 4.2936 | LS: 0.0528 | LX: 1.6202 | LA: 1.2573 | HGR: 0.0313 | KL: 4.8836 | Ent: -0.0734 | Time: 0.33s
Epoch 105 | Train Loss: 3.9368 | Val Loss: 4.2835 | LS: 0.0528 | LX: 1.6214 | LA: 1.2540 | HGR: -0.0000 | KL: 4.5782 | Ent: -0.0753 | Time: 0.33s
Epoch 106 | Train Loss: 3.8837 | Val Loss: 4.3966 | LS: 0.0464 | LX: 1.6226 | LA: 1.2540 | HGR: 0.0263 | KL: 4.5672 | Ent: -0.0729 | Time: 0.33s
Epoch 107 | Train Loss: 3.9028 | Val Loss: 4.3875 | LS: 0.0472 | LX: 1.6199 | LA: 1.2547 | HGR: -0.0211 | KL: 4.9442 | Ent: -0.0726 | Time: 0.33s
Epoch 108 | Train Loss: 3.9675 | Val Loss: 4.2790 | LS: 0.0517 | LX: 1.6207 | LA: 1.2565 | HGR: 0.0231 | KL: 4.9289 | Ent: -0.0689 | Time: 0.33s
Epoch 109 | Train Loss: 3.8182 | Val Loss: 4.2579 | LS: 0.0422 | LX: 1.6217 | LA: 1.2529 | HGR: -0.0089 | KL: 4.6177 | Ent: -0.0644 | Time: 0.33s
Epoch 110 | Train Loss: 3.8457 | Val Loss: 4.3343 | LS: 0.0459 | LX: 1.6182 | LA: 1.2477 | HGR: 0.0106 | KL: 4.5132 | Ent: -0.0643 | Time: 0.33s
Epoch 111 | Train Loss: 3.8580 | Val Loss: 4.3327 | LS: 0.0451 | LX: 1.6182 | LA: 1.2427 | HGR: -0.0081 | KL: 4.8013 | Ent: -0.0702 | Time: 0.33s
Epoch 112 | Train Loss: 3.8358 | Val Loss: 4.2466 | LS: 0.0451 | LX: 1.6226 | LA: 1.2418 | HGR: -0.0321 | KL: 4.6974 | Ent: -0.0672 | Time: 0.34s
Epoch 113 | Train Loss: 3.8120 | Val Loss: 4.2660 | LS: 0.0454 | LX: 1.6212 | LA: 1.2453 | HGR: -0.0238 | KL: 4.3868 | Ent: -0.0647 | Time: 0.33s
Epoch 114 | Train Loss: 3.8113 | Val Loss: 4.3210 | LS: 0.0436 | LX: 1.6188 | LA: 1.2475 | HGR: -0.0000 | KL: 4.4549 | Ent: -0.0631 | Time: 0.33s
Epoch 115 | Train Loss: 3.7534 | Val Loss: 4.2820 | LS: 0.0380 | LX: 1.6177 | LA: 1.2439 | HGR: -0.0258 | KL: 4.6628 | Ent: -0.0587 | Time: 0.33s
Epoch 116 | Train Loss: 3.8169 | Val Loss: 4.1928 | LS: 0.0439 | LX: 1.6178 | LA: 1.2364 | HGR: 0.0013 | KL: 4.5986 | Ent: -0.0632 | Time: 0.33s
Epoch 117 | Train Loss: 3.8126 | Val Loss: 4.2254 | LS: 0.0475 | LX: 1.6182 | LA: 1.2340 | HGR: -0.0183 | KL: 4.3278 | Ent: -0.0622 | Time: 0.33s
Epoch 118 | Train Loss: 3.7448 | Val Loss: 4.2832 | LS: 0.0395 | LX: 1.6193 | LA: 1.2333 | HGR: 0.0090 | KL: 4.3372 | Ent: -0.0586 | Time: 0.33s
Epoch 119 | Train Loss: 3.7614 | Val Loss: 4.2810 | LS: 0.0403 | LX: 1.6166 | LA: 1.2344 | HGR: -0.0109 | KL: 4.5726 | Ent: -0.0557 | Time: 0.33s
Epoch 120 | Train Loss: 3.7060 | Val Loss: 4.1889 | LS: 0.0348 | LX: 1.6153 | LA: 1.2330 | HGR: 0.0117 | KL: 4.4943 | Ent: -0.0543 | Time: 0.33s
Epoch 121 | Train Loss: 3.7178 | Val Loss: 4.2040 | LS: 0.0391 | LX: 1.6174 | LA: 1.2325 | HGR: -0.0033 | KL: 4.2280 | Ent: -0.0556 | Time: 0.33s
Epoch 122 | Train Loss: 3.7167 | Val Loss: 4.2666 | LS: 0.0400 | LX: 1.6184 | LA: 1.2292 | HGR: -0.0080 | KL: 4.1638 | Ent: -0.0566 | Time: 0.33s
Epoch 123 | Train Loss: 3.6655 | Val Loss: 4.2385 | LS: 0.0326 | LX: 1.6150 | LA: 1.2268 | HGR: 0.0115 | KL: 4.3803 | Ent: -0.0536 | Time: 0.33s
Epoch 124 | Train Loss: 3.6223 | Val Loss: 4.1855 | LS: 0.0285 | LX: 1.6153 | LA: 1.2256 | HGR: 0.0181 | KL: 4.3425 | Ent: -0.0533 | Time: 0.33s
Epoch 125 | Train Loss: 3.6682 | Val Loss: 4.1872 | LS: 0.0364 | LX: 1.6154 | LA: 1.2282 | HGR: -0.0136 | KL: 4.1448 | Ent: -0.0531 | Time: 0.33s
Epoch 126 | Train Loss: 3.6500 | Val Loss: 4.2759 | LS: 0.0348 | LX: 1.6167 | LA: 1.2270 | HGR: -0.0181 | KL: 4.1631 | Ent: -0.0513 | Time: 0.33s
Epoch 127 | Train Loss: 3.6756 | Val Loss: 4.2418 | LS: 0.0335 | LX: 1.6144 | LA: 1.2256 | HGR: 0.0126 | KL: 4.4313 | Ent: -0.0510 | Time: 0.33s
Epoch 128 | Train Loss: 3.6826 | Val Loss: 4.1724 | LS: 0.0341 | LX: 1.6140 | LA: 1.2220 | HGR: 0.0260 | KL: 4.4076 | Ent: -0.0523 | Time: 0.33s
Epoch 129 | Train Loss: 3.6391 | Val Loss: 4.1808 | LS: 0.0348 | LX: 1.6147 | LA: 1.2193 | HGR: -0.0049 | KL: 4.0955 | Ent: -0.0504 | Time: 0.33s
Epoch 130 | Train Loss: 3.6019 | Val Loss: 4.2795 | LS: 0.0302 | LX: 1.6144 | LA: 1.2194 | HGR: 0.0136 | KL: 4.0932 | Ent: -0.0502 | Time: 0.33s
Epoch 131 | Train Loss: 3.6343 | Val Loss: 4.2655 | LS: 0.0313 | LX: 1.6140 | LA: 1.2195 | HGR: 0.0026 | KL: 4.3942 | Ent: -0.0469 | Time: 0.33s
Epoch 132 | Train Loss: 3.5785 | Val Loss: 4.1781 | LS: 0.0280 | LX: 1.6131 | LA: 1.2203 | HGR: -0.0331 | KL: 4.3797 | Ent: -0.0443 | Time: 0.33s
Epoch 133 | Train Loss: 3.6253 | Val Loss: 4.1846 | LS: 0.0336 | LX: 1.6145 | LA: 1.2200 | HGR: -0.0051 | KL: 4.1102 | Ent: -0.0462 | Time: 0.33s
Epoch 134 | Train Loss: 3.5967 | Val Loss: 4.2408 | LS: 0.0327 | LX: 1.6143 | LA: 1.2169 | HGR: -0.0319 | KL: 4.0720 | Ent: -0.0467 | Time: 0.33s
Epoch 135 | Train Loss: 3.5546 | Val Loss: 4.2302 | LS: 0.0266 | LX: 1.6132 | LA: 1.2133 | HGR: -0.0203 | KL: 4.2801 | Ent: -0.0440 | Time: 0.33s
Epoch 136 | Train Loss: 3.5783 | Val Loss: 4.2091 | LS: 0.0264 | LX: 1.6169 | LA: 1.2141 | HGR: 0.0324 | KL: 4.2304 | Ent: -0.0440 | Time: 0.33s
Epoch 137 | Train Loss: 3.6104 | Val Loss: 4.1899 | LS: 0.0321 | LX: 1.6297 | LA: 1.2172 | HGR: -0.0232 | KL: 4.0845 | Ent: -0.0457 | Time: 0.33s
Epoch 138 | Train Loss: 3.6007 | Val Loss: 4.2456 | LS: 0.0315 | LX: 1.6205 | LA: 1.2165 | HGR: 0.0014 | KL: 4.0362 | Ent: -0.0443 | Time: 0.33s
Epoch 139 | Train Loss: 3.5534 | Val Loss: 4.2506 | LS: 0.0250 | LX: 1.6232 | LA: 1.2142 | HGR: -0.0062 | KL: 4.2621 | Ent: -0.0426 | Time: 0.33s
Epoch 140 | Train Loss: 3.5907 | Val Loss: 4.1783 | LS: 0.0289 | LX: 1.6180 | LA: 1.2139 | HGR: 0.0011 | KL: 4.2639 | Ent: -0.0425 | Time: 0.33s
Epoch 141 | Train Loss: 3.5773 | Val Loss: 4.1763 | LS: 0.0304 | LX: 1.6203 | LA: 1.2147 | HGR: -0.0104 | KL: 4.0213 | Ent: -0.0417 | Time: 0.33s
Epoch 142 | Train Loss: 3.5493 | Val Loss: 4.2489 | LS: 0.0264 | LX: 1.6232 | LA: 1.2150 | HGR: 0.0131 | KL: 4.0237 | Ent: -0.0380 | Time: 0.33s
Epoch 143 | Train Loss: 3.5413 | Val Loss: 4.2169 | LS: 0.0241 | LX: 1.6268 | LA: 1.2121 | HGR: 0.0025 | KL: 4.1888 | Ent: -0.0408 | Time: 0.33s
Epoch 144 | Train Loss: 3.4902 | Val Loss: 4.1527 | LS: 0.0217 | LX: 1.6240 | LA: 1.2094 | HGR: -0.0242 | KL: 4.1218 | Ent: -0.0400 | Time: 0.33s
Epoch 145 | Train Loss: 3.5663 | Val Loss: 4.1702 | LS: 0.0292 | LX: 1.6283 | LA: 1.2128 | HGR: 0.0034 | KL: 3.9226 | Ent: -0.0391 | Time: 0.33s
Epoch 146 | Train Loss: 3.4843 | Val Loss: 4.2548 | LS: 0.0245 | LX: 1.6218 | LA: 1.2120 | HGR: -0.0460 | KL: 3.9022 | Ent: -0.0381 | Time: 0.33s
Epoch 147 | Train Loss: 3.5305 | Val Loss: 4.2464 | LS: 0.0247 | LX: 1.6269 | LA: 1.2146 | HGR: -0.0200 | KL: 4.1327 | Ent: -0.0384 | Time: 0.34s
Epoch 148 | Train Loss: 3.5596 | Val Loss: 4.1499 | LS: 0.0277 | LX: 1.6254 | LA: 1.2130 | HGR: -0.0103 | KL: 4.0937 | Ent: -0.0401 | Time: 0.33s
Epoch 149 | Train Loss: 3.4723 | Val Loss: 4.1638 | LS: 0.0238 | LX: 1.6191 | LA: 1.2100 | HGR: -0.0262 | KL: 3.7964 | Ent: -0.0389 | Time: 0.33s
Epoch 150 | Train Loss: 3.4851 | Val Loss: 4.2295 | LS: 0.0241 | LX: 1.6245 | LA: 1.2101 | HGR: -0.0142 | KL: 3.8235 | Ent: -0.0343 | Time: 0.34s
Epoch 151 | Train Loss: 3.4962 | Val Loss: 4.2103 | LS: 0.0232 | LX: 1.6232 | LA: 1.2106 | HGR: -0.0160 | KL: 4.0361 | Ent: -0.0348 | Time: 0.33s
Epoch 152 | Train Loss: 3.4328 | Val Loss: 4.1703 | LS: 0.0181 | LX: 1.6189 | LA: 1.2111 | HGR: -0.0250 | KL: 4.0063 | Ent: -0.0340 | Time: 0.33s
Epoch 153 | Train Loss: 3.5065 | Val Loss: 4.1484 | LS: 0.0234 | LX: 1.6479 | LA: 1.2109 | HGR: -0.0070 | KL: 3.8364 | Ent: -0.0337 | Time: 0.34s
Epoch 154 | Train Loss: 3.5265 | Val Loss: 4.2245 | LS: 0.0267 | LX: 1.6294 | LA: 1.2100 | HGR: 0.0075 | KL: 3.8054 | Ent: -0.0361 | Time: 0.33s
Epoch 155 | Train Loss: 3.4938 | Val Loss: 4.2119 | LS: 0.0231 | LX: 1.6242 | LA: 1.2117 | HGR: -0.0231 | KL: 4.0274 | Ent: -0.0355 | Time: 0.33s
Epoch 156 | Train Loss: 3.4787 | Val Loss: 4.1637 | LS: 0.0222 | LX: 1.6326 | LA: 1.2130 | HGR: -0.0297 | KL: 3.9120 | Ent: -0.0344 | Time: 0.34s
Epoch 157 | Train Loss: 3.4686 | Val Loss: 4.1744 | LS: 0.0224 | LX: 1.6207 | LA: 1.2186 | HGR: -0.0119 | KL: 3.7783 | Ent: -0.0336 | Time: 0.33s
Epoch 158 | Train Loss: 3.4627 | Val Loss: 4.2021 | LS: 0.0227 | LX: 1.6258 | LA: 1.2189 | HGR: -0.0391 | KL: 3.7562 | Ent: -0.0347 | Time: 0.34s
Epoch 159 | Train Loss: 3.4344 | Val Loss: 4.1928 | LS: 0.0190 | LX: 1.6237 | LA: 1.2136 | HGR: -0.0162 | KL: 3.8351 | Ent: -0.0313 | Time: 0.34s
Epoch 160 | Train Loss: 3.4581 | Val Loss: 4.1433 | LS: 0.0223 | LX: 1.6168 | LA: 1.2120 | HGR: -0.0141 | KL: 3.7979 | Ent: -0.0337 | Time: 0.34s
Epoch 161 | Train Loss: 3.4565 | Val Loss: 4.1476 | LS: 0.0237 | LX: 1.6202 | LA: 1.2131 | HGR: -0.0135 | KL: 3.6018 | Ent: -0.0330 | Time: 0.33s
Epoch 162 | Train Loss: 3.4578 | Val Loss: 4.2306 | LS: 0.0235 | LX: 1.6253 | LA: 1.2133 | HGR: -0.0212 | KL: 3.6077 | Ent: -0.0344 | Time: 0.34s
Epoch 163 | Train Loss: 3.4682 | Val Loss: 4.2214 | LS: 0.0227 | LX: 1.6153 | LA: 1.2145 | HGR: -0.0111 | KL: 3.8448 | Ent: -0.0323 | Time: 0.34s
Epoch 164 | Train Loss: 3.4534 | Val Loss: 4.1650 | LS: 0.0211 | LX: 1.6140 | LA: 1.2132 | HGR: -0.0011 | KL: 3.8288 | Ent: -0.0325 | Time: 0.34s
Early stopping at epoch 164
VGAE Training Finished. Total Time: 55.19s
