{'model': 'fairkd', 'task': 'train', 'dataset': 'pokec_n', 'dgl_data': False, 'device': 'cpu', 'seed': 0, 'epochs': 200, 'print_every': 1, 'save_every': -1, 'lr': 0.01, 'weight_decay': 0.0005, 'hidden': 64, 'patience': 20, 'warmup': 50, 'dropout': 0.0, 'kd_temp': 4, 'kd_lambda': 0.5, 'hidden_vgae': 64, 'latent_size': 32, 'hgr_steps_per_epoch': 2, 'lambda_hgr': 0.5, 'hidden_hgr': 64, 'channels': 8, 'lambda_dd': 0.1, 'alpha': 0.1, 'beta': 1.0, 'gamma': 5.0, 'adv_steps_per_epoch': 2, 'mask_warmup': 0.4}
--- Starting train FAIRKD on pokec_n ---
Starting FairKD training on pokec_n...
Epoch: 1 | Loss: 0.6876 | Val F1: 0.33018580079078674 | Val Acc: 0.4930 | Time: 0.3194s
Epoch: 2 | Loss: 9.2283 | Val F1: 0.33018580079078674 | Val Acc: 0.4930 | Time: 0.2643s
Epoch: 3 | Loss: 3.0032 | Val F1: 0.6729028224945068 | Val Acc: 0.5070 | Time: 0.2690s
Epoch: 4 | Loss: 0.6004 | Val F1: 0.6729028224945068 | Val Acc: 0.5070 | Time: 0.2897s
Epoch: 5 | Loss: 2.1076 | Val F1: 0.6729028224945068 | Val Acc: 0.5070 | Time: 0.3278s
Epoch: 6 | Loss: 1.8642 | Val F1: 0.6729028224945068 | Val Acc: 0.5070 | Time: 0.3430s
Epoch: 7 | Loss: 0.9958 | Val F1: 0.0 | Val Acc: 0.5070 | Time: 0.3412s
Epoch: 8 | Loss: 0.4761 | Val F1: 0.6603716113310996 | Val Acc: 0.4930 | Time: 0.3346s
Epoch: 9 | Loss: 0.5174 | Val F1: 0.6603716113310996 | Val Acc: 0.4930 | Time: 0.2838s
Epoch: 10 | Loss: 0.6247 | Val F1: 0.6603716113310996 | Val Acc: 0.4930 | Time: 0.2789s
Epoch: 11 | Loss: 0.6271 | Val F1: 0.6603716113310996 | Val Acc: 0.4930 | Time: 0.2773s
Epoch: 12 | Loss: 0.5781 | Val F1: 0.6603716113310996 | Val Acc: 0.4930 | Time: 0.3193s
Epoch: 13 | Loss: 0.5131 | Val F1: 0.6603716113310996 | Val Acc: 0.4930 | Time: 0.2794s
Epoch: 14 | Loss: 0.4529 | Val F1: 0.6603716113310996 | Val Acc: 0.4930 | Time: 0.2681s
Epoch: 15 | Loss: 0.4073 | Val F1: 0.6522568340750159 | Val Acc: 0.5025 | Time: 0.2738s
Epoch: 16 | Loss: 0.3809 | Val F1: 0.6091148115687993 | Val Acc: 0.5944 | Time: 0.2754s
Epoch: 17 | Loss: 0.3674 | Val F1: 0.5991274842462433 | Val Acc: 0.6239 | Time: 0.2737s
Epoch: 18 | Loss: 0.3612 | Val F1: 0.6023570493234396 | Val Acc: 0.5857 | Time: 0.2618s
Epoch: 19 | Loss: 0.3580 | Val F1: 0.6097902097902098 | Val Acc: 0.6194 | Time: 0.2613s
Epoch: 20 | Loss: 0.3554 | Val F1: 0.6118980169971672 | Val Acc: 0.6262 | Time: 0.2594s
Epoch: 21 | Loss: 0.3539 | Val F1: 0.61198738170347 | Val Acc: 0.6085 | Time: 0.2598s
Epoch: 22 | Loss: 0.3512 | Val F1: 0.6062099556431739 | Val Acc: 0.6367 | Time: 0.2581s
Epoch: 23 | Loss: 0.3466 | Val F1: 0.615962441314554 | Val Acc: 0.6280 | Time: 0.2593s
Epoch: 24 | Loss: 0.3413 | Val F1: 0.6234596074851666 | Val Acc: 0.6248 | Time: 0.2584s
Epoch: 25 | Loss: 0.3394 | Val F1: 0.6023127199597788 | Val Acc: 0.6403 | Time: 0.2598s
Epoch: 26 | Loss: 0.3384 | Val F1: 0.6189138576779026 | Val Acc: 0.6298 | Time: 0.2578s
Epoch: 27 | Loss: 0.3346 | Val F1: 0.6227988878591288 | Val Acc: 0.6298 | Time: 0.2608s
Epoch: 28 | Loss: 0.3315 | Val F1: 0.6019617965926691 | Val Acc: 0.6494 | Time: 0.2631s
Epoch: 29 | Loss: 0.3291 | Val F1: 0.6271909047844624 | Val Acc: 0.6421 | Time: 0.2583s
Epoch: 30 | Loss: 0.3246 | Val F1: 0.6201780415430267 | Val Acc: 0.6508 | Time: 0.2592s
Epoch: 31 | Loss: 0.3202 | Val F1: 0.6208677685950413 | Val Acc: 0.6662 | Time: 0.2611s
Epoch: 32 | Loss: 0.3174 | Val F1: 0.6534116583822865 | Val Acc: 0.6512 | Time: 0.2593s
Epoch: 33 | Loss: 0.3184 | Val F1: 0.5835694050991501 | Val Acc: 0.6658 | Time: 0.2587s
Epoch: 34 | Loss: 0.3248 | Val F1: 0.650713299585826 | Val Acc: 0.6548 | Time: 0.2587s
Epoch: 35 | Loss: 0.3133 | Val F1: 0.656264341441028 | Val Acc: 0.6594 | Time: 0.2583s
Epoch: 36 | Loss: 0.3119 | Val F1: 0.5992217898832685 | Val Acc: 0.6721 | Time: 0.2592s
Epoch: 37 | Loss: 0.3157 | Val F1: 0.6412060301507537 | Val Acc: 0.6753 | Time: 0.2593s
Epoch: 38 | Loss: 0.3062 | Val F1: 0.6643598615916955 | Val Acc: 0.6471 | Time: 0.2577s
Epoch: 39 | Loss: 0.3137 | Val F1: 0.6364572605561277 | Val Acc: 0.6789 | Time: 0.2592s
Epoch: 40 | Loss: 0.3053 | Val F1: 0.6141392336751215 | Val Acc: 0.6749 | Time: 0.2585s
Epoch: 41 | Loss: 0.3086 | Val F1: 0.6593001841620626 | Val Acc: 0.6635 | Time: 0.2598s
Epoch: 42 | Loss: 0.3052 | Val F1: 0.6620241411327762 | Val Acc: 0.6689 | Time: 0.2582s
Epoch: 43 | Loss: 0.3036 | Val F1: 0.6207264957264957 | Val Acc: 0.6771 | Time: 0.2598s
Epoch: 44 | Loss: 0.3056 | Val F1: 0.6481939633844631 | Val Acc: 0.6767 | Time: 0.2585s
Epoch: 45 | Loss: 0.2999 | Val F1: 0.6630434782608695 | Val Acc: 0.6617 | Time: 0.2604s
Epoch: 46 | Loss: 0.3040 | Val F1: 0.6497975708502024 | Val Acc: 0.6853 | Time: 0.2584s
Epoch: 47 | Loss: 0.2993 | Val F1: 0.6372141372141372 | Val Acc: 0.6826 | Time: 0.2587s
Epoch: 48 | Loss: 0.3003 | Val F1: 0.6678932842686293 | Val Acc: 0.6717 | Time: 0.2588s
Epoch: 49 | Loss: 0.3000 | Val F1: 0.6641148325358852 | Val Acc: 0.6808 | Time: 0.2585s
Epoch: 50 | Loss: 0.2969 | Val F1: 0.6346555323590815 | Val Acc: 0.6817 | Time: 0.2592s
Epoch: 51 | Loss: 0.2997 | Val F1: 0.6704225352112676 | Val Acc: 0.6808 | Time: 0.2586s
Epoch: 52 | Loss: 0.2964 | Val F1: 0.6722846441947565 | Val Acc: 0.6817 | Time: 0.2625s
Epoch: 53 | Loss: 0.2961 | Val F1: 0.6401652039235932 | Val Acc: 0.6830 | Time: 0.2578s
Epoch: 54 | Loss: 0.2968 | Val F1: 0.6578690127077224 | Val Acc: 0.6817 | Time: 0.2593s
Epoch: 55 | Loss: 0.2940 | Val F1: 0.6725417439703154 | Val Acc: 0.6789 | Time: 0.2584s
Epoch: 56 | Loss: 0.2955 | Val F1: 0.6491405460060667 | Val Acc: 0.6844 | Time: 0.2591s
Epoch: 57 | Loss: 0.2940 | Val F1: 0.6550348953140578 | Val Acc: 0.6853 | Time: 0.2603s
Epoch: 58 | Loss: 0.2929 | Val F1: 0.6703858670385867 | Val Acc: 0.6776 | Time: 0.2584s
Epoch: 59 | Loss: 0.2939 | Val F1: 0.6539809714571858 | Val Acc: 0.6858 | Time: 0.2590s
Epoch: 60 | Loss: 0.2920 | Val F1: 0.6516290726817042 | Val Acc: 0.6839 | Time: 0.2590s
Epoch: 61 | Loss: 0.2916 | Val F1: 0.6700791065611913 | Val Acc: 0.6776 | Time: 0.2590s
Epoch: 62 | Loss: 0.2924 | Val F1: 0.6524822695035462 | Val Acc: 0.6880 | Time: 0.2585s
Epoch: 63 | Loss: 0.2912 | Val F1: 0.6614936954413191 | Val Acc: 0.6826 | Time: 0.2586s
Epoch: 64 | Loss: 0.2899 | Val F1: 0.6682692307692307 | Val Acc: 0.6862 | Time: 0.2588s
Epoch: 65 | Loss: 0.2897 | Val F1: 0.6526639344262295 | Val Acc: 0.6917 | Time: 0.2591s
Epoch: 66 | Loss: 0.2905 | Val F1: 0.6721014492753623 | Val Acc: 0.6708 | Time: 0.2580s
Epoch: 67 | Loss: 0.2936 | Val F1: 0.645367412140575 | Val Acc: 0.6971 | Time: 0.2591s
Epoch: 68 | Loss: 0.2945 | Val F1: 0.6733668341708543 | Val Acc: 0.6749 | Time: 0.2586s
Epoch: 69 | Loss: 0.2926 | Val F1: 0.655361596009975 | Val Acc: 0.6858 | Time: 0.2588s
Epoch: 70 | Loss: 0.2885 | Val F1: 0.6510660426417056 | Val Acc: 0.6949 | Time: 0.2665s
Epoch: 71 | Loss: 0.2904 | Val F1: 0.674301420064132 | Val Acc: 0.6767 | Time: 0.3315s
Epoch: 72 | Loss: 0.2913 | Val F1: 0.657356608478803 | Val Acc: 0.6876 | Time: 0.2661s
Epoch: 73 | Loss: 0.2880 | Val F1: 0.6574500768049155 | Val Acc: 0.6958 | Time: 0.2596s
Epoch: 74 | Loss: 0.2892 | Val F1: 0.674908424908425 | Val Acc: 0.6771 | Time: 0.2587s
Epoch: 75 | Loss: 0.2905 | Val F1: 0.6596596596596597 | Val Acc: 0.6908 | Time: 0.2590s
Epoch: 76 | Loss: 0.2877 | Val F1: 0.655470737913486 | Val Acc: 0.6921 | Time: 0.2644s
Epoch: 77 | Loss: 0.2880 | Val F1: 0.671634839310666 | Val Acc: 0.6794 | Time: 0.2748s
Epoch: 78 | Loss: 0.2893 | Val F1: 0.657520325203252 | Val Acc: 0.6935 | Time: 0.2752s
Epoch: 79 | Loss: 0.2875 | Val F1: 0.6559356136820925 | Val Acc: 0.6889 | Time: 0.2675s
Epoch: 80 | Loss: 0.2868 | Val F1: 0.6644674835061263 | Val Acc: 0.6762 | Time: 0.2604s
Epoch: 81 | Loss: 0.2882 | Val F1: 0.6549767921609077 | Val Acc: 0.6958 | Time: 0.2589s
Epoch: 82 | Loss: 0.2883 | Val F1: 0.6644549763033175 | Val Acc: 0.6780 | Time: 0.2592s
Epoch: 83 | Loss: 0.2873 | Val F1: 0.6567015445939213 | Val Acc: 0.6867 | Time: 0.2596s
Epoch: 84 | Loss: 0.2861 | Val F1: 0.6573426573426573 | Val Acc: 0.6880 | Time: 0.2585s
Epoch: 85 | Loss: 0.2861 | Val F1: 0.6641294005708849 | Val Acc: 0.6789 | Time: 0.2592s
Epoch: 86 | Loss: 0.2869 | Val F1: 0.6536082474226804 | Val Acc: 0.6944 | Time: 0.2577s
Epoch: 87 | Loss: 0.2878 | Val F1: 0.6703703703703704 | Val Acc: 0.6762 | Time: 0.2602s
Epoch: 88 | Loss: 0.2887 | Val F1: 0.6531671858774662 | Val Acc: 0.6962 | Time: 0.2594s
Epoch: 89 | Loss: 0.2880 | Val F1: 0.6641221374045801 | Val Acc: 0.6799 | Time: 0.2603s
Epoch: 90 | Loss: 0.2865 | Val F1: 0.660367976131278 | Val Acc: 0.6894 | Time: 0.2587s
Epoch: 91 | Loss: 0.2854 | Val F1: 0.6589303733602422 | Val Acc: 0.6926 | Time: 0.2600s
Epoch: 92 | Loss: 0.2857 | Val F1: 0.668235294117647 | Val Acc: 0.6794 | Time: 0.2584s
Epoch: 93 | Loss: 0.2867 | Val F1: 0.65504869297796 | Val Acc: 0.6940 | Time: 0.2597s
Epoch: 94 | Loss: 0.2867 | Val F1: 0.6669842782277274 | Val Acc: 0.6821 | Time: 0.2584s
Early stopping at epoch 94
Training Finished. Total Time: 25.1164s

Restoring best model...
--------------------------------------------------
Test Set Results (pokec_n):
     AUC: 0.7596
Accuracy: 0.6909
F1 Score: 0.6846
Fairness Metrics:
  sp: [-0.0421, 0.0421]
  eo: [-0.0704, 0.0055]
--------------------------------------------------
