{'model': 'gcn', 'task': 'train', 'dataset': 'pokec_z', 'dgl_data': False, 'device': 'cpu', 'seed': 0, 'epochs': 200, 'print_every': 1, 'save_every': -1, 'lr': 0.01, 'weight_decay': 0.0005, 'hidden': 64, 'patience': 20, 'warmup': 50, 'dropout': 0.0, 'kd_temp': 4, 'kd_lambda': 0.5, 'hidden_vgae': 64, 'latent_size': 32, 'hgr_steps_per_epoch': 2, 'lambda_hgr': 0.5, 'hidden_hgr': 64, 'channels': 8, 'lambda_dd': 0.1, 'alpha': 0.1, 'beta': 1.0, 'gamma': 5.0, 'adv_steps_per_epoch': 2, 'mask_warmup': 0.4}
--- Starting train GCN on pokec_z ---
Starting GCN training on pokec_z...
Epoch: 1 | Loss: 1.2333 | Val F1: 0.618739902973175 | Val Acc: 0.4480 | Time: 0.2402s
Epoch: 2 | Loss: 3.5947 | Val F1: 0.618739902973175 | Val Acc: 0.4480 | Time: 0.2187s
Epoch: 3 | Loss: 2.1293 | Val F1: 0.07707910750507099 | Val Acc: 0.4678 | Time: 0.2185s
Epoch: 4 | Loss: 0.7282 | Val F1: 0.35568952560424805 | Val Acc: 0.5520 | Time: 0.2193s
Epoch: 5 | Loss: 1.0123 | Val F1: 0.35568952560424805 | Val Acc: 0.5520 | Time: 0.2185s
Epoch: 6 | Loss: 1.1801 | Val F1: 0.35568952560424805 | Val Acc: 0.5520 | Time: 0.2185s
Epoch: 7 | Loss: 0.9854 | Val F1: 0.35568952560424805 | Val Acc: 0.5520 | Time: 0.2188s
Epoch: 8 | Loss: 0.7482 | Val F1: 0.6710574460300036 | Val Acc: 0.6495 | Time: 0.2192s
Epoch: 9 | Loss: 0.6684 | Val F1: 0.0925553319919517 | Val Acc: 0.4725 | Time: 0.2189s
Epoch: 10 | Loss: 0.7244 | Val F1: 0.1027351567711808 | Val Acc: 0.4756 | Time: 0.2191s
Epoch: 11 | Loss: 0.7375 | Val F1: 0.2875739644970414 | Val Acc: 0.5306 | Time: 0.2185s
Epoch: 12 | Loss: 0.6925 | Val F1: 0.6504065040650406 | Val Acc: 0.6480 | Time: 0.2192s
Epoch: 13 | Loss: 0.6463 | Val F1: 0.6940639269406392 | Val Acc: 0.5559 | Time: 0.2192s
Epoch: 14 | Loss: 0.6825 | Val F1: 0.6920529801324503 | Val Acc: 0.5649 | Time: 0.2196s
Epoch: 15 | Loss: 0.6752 | Val F1: 0.6675453047775948 | Val Acc: 0.6066 | Time: 0.2190s
Epoch: 16 | Loss: 0.6475 | Val F1: 0.6277432712215321 | Val Acc: 0.6495 | Time: 0.2186s
Epoch: 17 | Loss: 0.6523 | Val F1: 0.6125970664365833 | Val Acc: 0.6499 | Time: 0.2194s
Epoch: 18 | Loss: 0.6561 | Val F1: 0.6351684470008216 | Val Acc: 0.6538 | Time: 0.2202s
Epoch: 19 | Loss: 0.6503 | Val F1: 0.6554493307839389 | Val Acc: 0.6487 | Time: 0.2192s
Epoch: 20 | Loss: 0.6435 | Val F1: 0.6695187165775401 | Val Acc: 0.6386 | Time: 0.2198s
Epoch: 21 | Loss: 0.6400 | Val F1: 0.6732740943267259 | Val Acc: 0.6273 | Time: 0.2192s
Epoch: 22 | Loss: 0.6396 | Val F1: 0.6756574511126096 | Val Acc: 0.6250 | Time: 0.2199s
Epoch: 23 | Loss: 0.6394 | Val F1: 0.6744186046511628 | Val Acc: 0.6288 | Time: 0.2191s
Epoch: 24 | Loss: 0.6366 | Val F1: 0.6742209631728046 | Val Acc: 0.6413 | Time: 0.2197s
Epoch: 25 | Loss: 0.6318 | Val F1: 0.6711061783203848 | Val Acc: 0.6534 | Time: 0.2197s
Epoch: 26 | Loss: 0.6280 | Val F1: 0.6653741760372237 | Val Acc: 0.6635 | Time: 0.2198s
Epoch: 27 | Loss: 0.6263 | Val F1: 0.6605504587155964 | Val Acc: 0.6682 | Time: 0.2191s
Epoch: 28 | Loss: 0.6252 | Val F1: 0.6613162118780096 | Val Acc: 0.6710 | Time: 0.2254s
Epoch: 29 | Loss: 0.6231 | Val F1: 0.6669300671671277 | Val Acc: 0.6713 | Time: 0.2196s
Epoch: 30 | Loss: 0.6199 | Val F1: 0.6740627390971691 | Val Acc: 0.6678 | Time: 0.2192s
Epoch: 31 | Loss: 0.6176 | Val F1: 0.6773591943304738 | Val Acc: 0.6628 | Time: 0.2195s
Epoch: 32 | Loss: 0.6179 | Val F1: 0.6778115501519757 | Val Acc: 0.6694 | Time: 0.2196s
Epoch: 33 | Loss: 0.6155 | Val F1: 0.6754966887417219 | Val Acc: 0.6752 | Time: 0.2200s
Epoch: 34 | Loss: 0.6136 | Val F1: 0.6698602794411178 | Val Acc: 0.6776 | Time: 0.2196s
Epoch: 35 | Loss: 0.6126 | Val F1: 0.6690968003240179 | Val Acc: 0.6815 | Time: 0.2197s
Epoch: 36 | Loss: 0.6119 | Val F1: 0.6712328767123288 | Val Acc: 0.6819 | Time: 0.2192s
Epoch: 37 | Loss: 0.6105 | Val F1: 0.6727634194831014 | Val Acc: 0.6791 | Time: 0.2192s
Epoch: 38 | Loss: 0.6089 | Val F1: 0.6801242236024845 | Val Acc: 0.6788 | Time: 0.2192s
Epoch: 39 | Loss: 0.6080 | Val F1: 0.681800692574067 | Val Acc: 0.6776 | Time: 0.2197s
Epoch: 40 | Loss: 0.6075 | Val F1: 0.6821166473541908 | Val Acc: 0.6791 | Time: 0.2189s
Epoch: 41 | Loss: 0.6065 | Val F1: 0.6831372549019608 | Val Acc: 0.6850 | Time: 0.2203s
Epoch: 42 | Loss: 0.6053 | Val F1: 0.6738609112709832 | Val Acc: 0.6819 | Time: 0.2200s
Epoch: 43 | Loss: 0.6047 | Val F1: 0.6712384025816862 | Val Acc: 0.6823 | Time: 0.2200s
Epoch: 44 | Loss: 0.6041 | Val F1: 0.6749698674166332 | Val Acc: 0.6846 | Time: 0.2196s
Epoch: 45 | Loss: 0.6032 | Val F1: 0.6791252485089463 | Val Acc: 0.6854 | Time: 0.2196s
Epoch: 46 | Loss: 0.6021 | Val F1: 0.6808510638297872 | Val Acc: 0.6842 | Time: 0.2203s
Epoch: 47 | Loss: 0.6012 | Val F1: 0.6818181818181818 | Val Acc: 0.6834 | Time: 0.2193s
Epoch: 48 | Loss: 0.6005 | Val F1: 0.681153694192019 | Val Acc: 0.6854 | Time: 0.2193s
Epoch: 49 | Loss: 0.5995 | Val F1: 0.6789431545236189 | Val Acc: 0.6873 | Time: 0.2199s
Epoch: 50 | Loss: 0.5984 | Val F1: 0.6771972458485217 | Val Acc: 0.6893 | Time: 0.2204s
Epoch: 51 | Loss: 0.5977 | Val F1: 0.6761248479935144 | Val Acc: 0.6885 | Time: 0.2217s
Epoch: 52 | Loss: 0.5968 | Val F1: 0.6811419380780056 | Val Acc: 0.6908 | Time: 0.2198s
Epoch: 53 | Loss: 0.5957 | Val F1: 0.6830818109610802 | Val Acc: 0.6889 | Time: 0.2197s
Epoch: 54 | Loss: 0.5948 | Val F1: 0.6835643564356436 | Val Acc: 0.6885 | Time: 0.2200s
Epoch: 55 | Loss: 0.5938 | Val F1: 0.6855095541401274 | Val Acc: 0.6920 | Time: 0.2208s
Epoch: 56 | Loss: 0.5927 | Val F1: 0.6806114239742558 | Val Acc: 0.6904 | Time: 0.2195s
Epoch: 57 | Loss: 0.5916 | Val F1: 0.6827891979040709 | Val Acc: 0.6932 | Time: 0.2201s
Epoch: 58 | Loss: 0.5907 | Val F1: 0.6837469975980784 | Val Acc: 0.6920 | Time: 0.2200s
Epoch: 59 | Loss: 0.5895 | Val F1: 0.689408964696549 | Val Acc: 0.6947 | Time: 0.2198s
Epoch: 60 | Loss: 0.5884 | Val F1: 0.688511646269246 | Val Acc: 0.6924 | Time: 0.2202s
Epoch: 61 | Loss: 0.5874 | Val F1: 0.6894904458598726 | Val Acc: 0.6959 | Time: 0.2196s
Epoch: 62 | Loss: 0.5861 | Val F1: 0.6886299718762555 | Val Acc: 0.6979 | Time: 0.2195s
Epoch: 63 | Loss: 0.5849 | Val F1: 0.6913480885311871 | Val Acc: 0.7010 | Time: 0.2195s
Epoch: 64 | Loss: 0.5837 | Val F1: 0.6913285600636436 | Val Acc: 0.6975 | Time: 0.2208s
Epoch: 65 | Loss: 0.5823 | Val F1: 0.692246835443038 | Val Acc: 0.6967 | Time: 0.2201s
Epoch: 66 | Loss: 0.5810 | Val F1: 0.6942017474185862 | Val Acc: 0.6998 | Time: 0.2196s
Epoch: 67 | Loss: 0.5796 | Val F1: 0.6948130277442702 | Val Acc: 0.7041 | Time: 0.2196s
Epoch: 68 | Loss: 0.5782 | Val F1: 0.6960705693664796 | Val Acc: 0.7045 | Time: 0.2195s
Epoch: 69 | Loss: 0.5767 | Val F1: 0.7002778880508138 | Val Acc: 0.7057 | Time: 0.2198s
Epoch: 70 | Loss: 0.5752 | Val F1: 0.6997223324077747 | Val Acc: 0.7049 | Time: 0.2218s
Epoch: 71 | Loss: 0.5736 | Val F1: 0.699759807846277 | Val Acc: 0.7076 | Time: 0.2231s
Epoch: 72 | Loss: 0.5720 | Val F1: 0.7029188324670131 | Val Acc: 0.7103 | Time: 0.2205s
Epoch: 73 | Loss: 0.5704 | Val F1: 0.7060221870047544 | Val Acc: 0.7107 | Time: 0.2203s
Epoch: 74 | Loss: 0.5687 | Val F1: 0.7092930897537728 | Val Acc: 0.7146 | Time: 0.2197s
Epoch: 75 | Loss: 0.5669 | Val F1: 0.7054574638844302 | Val Acc: 0.7138 | Time: 0.2203s
Epoch: 76 | Loss: 0.5651 | Val F1: 0.7069582504970179 | Val Acc: 0.7127 | Time: 0.2199s
Epoch: 77 | Loss: 0.5633 | Val F1: 0.7091917591125199 | Val Acc: 0.7138 | Time: 0.2193s
Epoch: 78 | Loss: 0.5615 | Val F1: 0.7062600321027287 | Val Acc: 0.7146 | Time: 0.2202s
Epoch: 79 | Loss: 0.5596 | Val F1: 0.7091633466135459 | Val Acc: 0.7154 | Time: 0.2196s
Epoch: 80 | Loss: 0.5577 | Val F1: 0.7104216388225935 | Val Acc: 0.7162 | Time: 0.2198s
Epoch: 81 | Loss: 0.5558 | Val F1: 0.711919191919192 | Val Acc: 0.7220 | Time: 0.2193s
Epoch: 82 | Loss: 0.5540 | Val F1: 0.7195027195027195 | Val Acc: 0.7185 | Time: 0.2196s
Epoch: 83 | Loss: 0.5527 | Val F1: 0.6932541366143402 | Val Acc: 0.7181 | Time: 0.2199s
Epoch: 84 | Loss: 0.5535 | Val F1: 0.7223622614332013 | Val Acc: 0.6994 | Time: 0.2192s
Epoch: 85 | Loss: 0.5588 | Val F1: 0.6725120561157387 | Val Acc: 0.7088 | Time: 0.2194s
Epoch: 86 | Loss: 0.5583 | Val F1: 0.7050538525269263 | Val Acc: 0.7224 | Time: 0.2199s
Epoch: 87 | Loss: 0.5470 | Val F1: 0.7279151943462897 | Val Acc: 0.6998 | Time: 0.2202s
Epoch: 88 | Loss: 0.5597 | Val F1: 0.6964210526315789 | Val Acc: 0.7189 | Time: 0.2194s
Epoch: 89 | Loss: 0.5460 | Val F1: 0.6776859504132231 | Val Acc: 0.7111 | Time: 0.2204s
Epoch: 90 | Loss: 0.5513 | Val F1: 0.7270659590598939 | Val Acc: 0.7193 | Time: 0.2202s
Epoch: 91 | Loss: 0.5445 | Val F1: 0.7303370786516854 | Val Acc: 0.7193 | Time: 0.2216s
Epoch: 92 | Loss: 0.5454 | Val F1: 0.6908935442496793 | Val Acc: 0.7181 | Time: 0.2201s
Epoch: 93 | Loss: 0.5451 | Val F1: 0.6991596638655462 | Val Acc: 0.7209 | Time: 0.2193s
Epoch: 94 | Loss: 0.5412 | Val F1: 0.7307121661721068 | Val Acc: 0.7170 | Time: 0.2199s
Epoch: 95 | Loss: 0.5444 | Val F1: 0.7180301826846703 | Val Acc: 0.7232 | Time: 0.2213s
Epoch: 96 | Loss: 0.5370 | Val F1: 0.691484809584938 | Val Acc: 0.7189 | Time: 0.2216s
Epoch: 97 | Loss: 0.5421 | Val F1: 0.7191726332537789 | Val Acc: 0.7248 | Time: 0.2206s
Epoch: 98 | Loss: 0.5353 | Val F1: 0.7342056074766355 | Val Acc: 0.7228 | Time: 0.2199s
Epoch: 99 | Loss: 0.5393 | Val F1: 0.7031772575250836 | Val Acc: 0.7232 | Time: 0.2192s
Epoch: 100 | Loss: 0.5360 | Val F1: 0.7040731504571903 | Val Acc: 0.7224 | Time: 0.2195s
Epoch: 101 | Loss: 0.5347 | Val F1: 0.7340823970037453 | Val Acc: 0.7232 | Time: 0.2204s
Epoch: 102 | Loss: 0.5368 | Val F1: 0.71658615136876 | Val Acc: 0.7255 | Time: 0.2202s
Epoch: 103 | Loss: 0.5316 | Val F1: 0.7037191809444212 | Val Acc: 0.7236 | Time: 0.2195s
Epoch: 104 | Loss: 0.5338 | Val F1: 0.7347876004592423 | Val Acc: 0.7298 | Time: 0.2206s
Epoch: 105 | Loss: 0.5322 | Val F1: 0.7229676400947119 | Val Acc: 0.7263 | Time: 0.2202s
Epoch: 106 | Loss: 0.5297 | Val F1: 0.705442459493145 | Val Acc: 0.7236 | Time: 0.2207s
Epoch: 107 | Loss: 0.5317 | Val F1: 0.7308432807085098 | Val Acc: 0.7275 | Time: 0.2197s
Epoch: 108 | Loss: 0.5295 | Val F1: 0.7237721021611002 | Val Acc: 0.7259 | Time: 0.2192s
Epoch: 109 | Loss: 0.5282 | Val F1: 0.7080231596360629 | Val Acc: 0.7248 | Time: 0.2201s
Epoch: 110 | Loss: 0.5295 | Val F1: 0.73279507881584 | Val Acc: 0.7290 | Time: 0.2197s
Epoch: 111 | Loss: 0.5279 | Val F1: 0.7228820269200317 | Val Acc: 0.7271 | Time: 0.2196s
Epoch: 112 | Loss: 0.5264 | Val F1: 0.7149284253578733 | Val Acc: 0.7283 | Time: 0.2195s
Epoch: 113 | Loss: 0.5271 | Val F1: 0.732620320855615 | Val Acc: 0.7271 | Time: 0.2203s
Epoch: 114 | Loss: 0.5270 | Val F1: 0.72 | Val Acc: 0.7298 | Time: 0.2202s
Epoch: 115 | Loss: 0.5254 | Val F1: 0.7237943403746513 | Val Acc: 0.7298 | Time: 0.2211s
Epoch: 116 | Loss: 0.5246 | Val F1: 0.7309761721752498 | Val Acc: 0.7271 | Time: 0.2196s
Epoch: 117 | Loss: 0.5251 | Val F1: 0.7134071340713407 | Val Acc: 0.7275 | Time: 0.2199s
Epoch: 118 | Loss: 0.5253 | Val F1: 0.7314636957356896 | Val Acc: 0.7275 | Time: 0.2201s
Epoch: 119 | Loss: 0.5242 | Val F1: 0.7218887555022009 | Val Acc: 0.7290 | Time: 0.2201s
Epoch: 120 | Loss: 0.5231 | Val F1: 0.7245222929936306 | Val Acc: 0.7302 | Time: 0.2198s
Epoch: 121 | Loss: 0.5226 | Val F1: 0.731839258114374 | Val Acc: 0.7294 | Time: 0.2200s
Epoch: 122 | Loss: 0.5227 | Val F1: 0.7140522875816994 | Val Acc: 0.7271 | Time: 0.2201s
Epoch: 123 | Loss: 0.5231 | Val F1: 0.7309297912713473 | Val Acc: 0.7236 | Time: 0.2193s
Epoch: 124 | Loss: 0.5233 | Val F1: 0.7089337175792507 | Val Acc: 0.7244 | Time: 0.2198s
Early stopping at epoch 124
Training Finished. Total Time: 27.2957s

Restoring best model...
--------------------------------------------------
Test Set Results (pokec_z):
     AUC: 0.7802
Accuracy: 0.7147
F1 Score: 0.7123
Fairness Metrics:
  sp: [-0.0816, 0.0816]
  eo: [-0.0700, 0.0551]
--------------------------------------------------
