{'model': 'gcn', 'task': 'train', 'dataset': 'credit', 'dgl_data': False, 'device': 'cpu', 'seed': 0, 'epochs': 200, 'print_every': 1, 'save_every': -1, 'lr': 0.01, 'weight_decay': 0.0005, 'hidden': 64, 'patience': 20, 'warmup': 50, 'dropout': 0.0, 'kd_temp': 4, 'kd_lambda': 0.5, 'hidden_vgae': 64, 'latent_size': 32, 'hgr_steps_per_epoch': 2, 'lambda_hgr': 0.5, 'hidden_hgr': 64, 'channels': 8, 'lambda_dd': 0.1, 'alpha': 0.1, 'beta': 1.0, 'gamma': 5.0, 'adv_steps_per_epoch': 2, 'mask_warmup': 0.4}
--- Starting train GCN on credit ---
Starting GCN training on credit...
Epoch: 1 | Loss: 0.7035 | Val F1: 0.43782326579093933 | Val Acc: 0.7788 | Time: 0.0714s
Epoch: 2 | Loss: 0.6316 | Val F1: 0.8696859810199831 | Val Acc: 0.7748 | Time: 0.0509s
Epoch: 3 | Loss: 0.6167 | Val F1: 0.8622229438986766 | Val Acc: 0.7737 | Time: 0.0518s
Epoch: 4 | Loss: 0.6066 | Val F1: 0.8508786610878661 | Val Acc: 0.7624 | Time: 0.0520s
Epoch: 5 | Loss: 0.6039 | Val F1: 0.8449894291754757 | Val Acc: 0.7556 | Time: 0.0545s
Epoch: 6 | Loss: 0.6027 | Val F1: 0.847574862927035 | Val Acc: 0.7591 | Time: 0.0531s
Epoch: 7 | Loss: 0.5982 | Val F1: 0.8551448551448552 | Val Acc: 0.7680 | Time: 0.0525s
Epoch: 8 | Loss: 0.5929 | Val F1: 0.8609152041987863 | Val Acc: 0.7739 | Time: 0.0486s
Epoch: 9 | Loss: 0.5901 | Val F1: 0.8669514062374083 | Val Acc: 0.7799 | Time: 0.0531s
Epoch: 10 | Loss: 0.5902 | Val F1: 0.8699579998415088 | Val Acc: 0.7812 | Time: 0.0531s
Epoch: 11 | Loss: 0.5907 | Val F1: 0.870575221238938 | Val Acc: 0.7816 | Time: 0.0487s
Epoch: 12 | Loss: 0.5898 | Val F1: 0.8702882483370288 | Val Acc: 0.7816 | Time: 0.0501s
Epoch: 13 | Loss: 0.5875 | Val F1: 0.8686498125847356 | Val Acc: 0.7804 | Time: 0.0510s
Epoch: 14 | Loss: 0.5850 | Val F1: 0.8669507195112147 | Val Acc: 0.7793 | Time: 0.0562s
Epoch: 15 | Loss: 0.5830 | Val F1: 0.8642475295642313 | Val Acc: 0.7765 | Time: 0.0601s
Epoch: 16 | Loss: 0.5817 | Val F1: 0.8633187063221193 | Val Acc: 0.7757 | Time: 0.0581s
Epoch: 17 | Loss: 0.5812 | Val F1: 0.8616413770598793 | Val Acc: 0.7739 | Time: 0.0549s
Epoch: 18 | Loss: 0.5811 | Val F1: 0.8607801534192917 | Val Acc: 0.7725 | Time: 0.0515s
Epoch: 19 | Loss: 0.5808 | Val F1: 0.8610092117062036 | Val Acc: 0.7727 | Time: 0.0566s
Epoch: 20 | Loss: 0.5801 | Val F1: 0.8616035127663034 | Val Acc: 0.7731 | Time: 0.0585s
Epoch: 21 | Loss: 0.5793 | Val F1: 0.8640595903165735 | Val Acc: 0.7761 | Time: 0.0549s
Epoch: 22 | Loss: 0.5785 | Val F1: 0.8650128865979382 | Val Acc: 0.7765 | Time: 0.0543s
Epoch: 23 | Loss: 0.5779 | Val F1: 0.8658966955405839 | Val Acc: 0.7771 | Time: 0.0553s
Epoch: 24 | Loss: 0.5775 | Val F1: 0.8669864108713029 | Val Acc: 0.7781 | Time: 0.0582s
Epoch: 25 | Loss: 0.5774 | Val F1: 0.8688185721100334 | Val Acc: 0.7800 | Time: 0.0564s
Epoch: 26 | Loss: 0.5774 | Val F1: 0.8682787146038816 | Val Acc: 0.7792 | Time: 0.0525s
Epoch: 27 | Loss: 0.5771 | Val F1: 0.8656215005599104 | Val Acc: 0.7760 | Time: 0.0584s
Epoch: 28 | Loss: 0.5767 | Val F1: 0.8647866955892987 | Val Acc: 0.7756 | Time: 0.0524s
Epoch: 29 | Loss: 0.5762 | Val F1: 0.8640901771336554 | Val Acc: 0.7749 | Time: 0.0549s
Epoch: 30 | Loss: 0.5758 | Val F1: 0.8627037547644149 | Val Acc: 0.7743 | Time: 0.0528s
Epoch: 31 | Loss: 0.5757 | Val F1: 0.8628056209893591 | Val Acc: 0.7748 | Time: 0.0564s
Epoch: 32 | Loss: 0.5757 | Val F1: 0.8621948252088572 | Val Acc: 0.7735 | Time: 0.0545s
Epoch: 33 | Loss: 0.5755 | Val F1: 0.8619850794680506 | Val Acc: 0.7731 | Time: 0.0520s
Epoch: 34 | Loss: 0.5752 | Val F1: 0.864394488759971 | Val Acc: 0.7756 | Time: 0.0527s
Epoch: 35 | Loss: 0.5749 | Val F1: 0.8653985071032988 | Val Acc: 0.7764 | Time: 0.0499s
Epoch: 36 | Loss: 0.5748 | Val F1: 0.8667253662050748 | Val Acc: 0.7780 | Time: 0.0531s
Epoch: 37 | Loss: 0.5746 | Val F1: 0.8674814282290918 | Val Acc: 0.7788 | Time: 0.0488s
Epoch: 38 | Loss: 0.5745 | Val F1: 0.8679546543190164 | Val Acc: 0.7795 | Time: 0.0500s
Epoch: 39 | Loss: 0.5743 | Val F1: 0.8678913738019169 | Val Acc: 0.7795 | Time: 0.0539s
Epoch: 40 | Loss: 0.5741 | Val F1: 0.8664479475074017 | Val Acc: 0.7775 | Time: 0.0529s
Epoch: 41 | Loss: 0.5738 | Val F1: 0.8653460582243965 | Val Acc: 0.7761 | Time: 0.0511s
Epoch: 42 | Loss: 0.5736 | Val F1: 0.8646260143006347 | Val Acc: 0.7753 | Time: 0.0510s
Epoch: 43 | Loss: 0.5734 | Val F1: 0.8640128669079212 | Val Acc: 0.7745 | Time: 0.0541s
Epoch: 44 | Loss: 0.5732 | Val F1: 0.8638338966682761 | Val Acc: 0.7744 | Time: 0.0510s
Epoch: 45 | Loss: 0.5731 | Val F1: 0.8639691094843537 | Val Acc: 0.7745 | Time: 0.0512s
Epoch: 46 | Loss: 0.5729 | Val F1: 0.8646737383477981 | Val Acc: 0.7755 | Time: 0.0504s
Epoch: 47 | Loss: 0.5726 | Val F1: 0.8656453036015079 | Val Acc: 0.7767 | Time: 0.0517s
Epoch: 48 | Loss: 0.5725 | Val F1: 0.8656357663648746 | Val Acc: 0.7764 | Time: 0.0486s
Epoch: 49 | Loss: 0.5723 | Val F1: 0.865972778222578 | Val Acc: 0.7768 | Time: 0.0502s
Epoch: 50 | Loss: 0.5721 | Val F1: 0.8654539626572642 | Val Acc: 0.7761 | Time: 0.0496s
Epoch: 51 | Loss: 0.5719 | Val F1: 0.8647389558232932 | Val Acc: 0.7755 | Time: 0.0541s
Epoch: 52 | Loss: 0.5717 | Val F1: 0.8642650369893856 | Val Acc: 0.7749 | Time: 0.0531s
Epoch: 53 | Loss: 0.5716 | Val F1: 0.8636546669888057 | Val Acc: 0.7743 | Time: 0.0541s
Epoch: 54 | Loss: 0.5714 | Val F1: 0.863954893274265 | Val Acc: 0.7748 | Time: 0.0501s
Epoch: 55 | Loss: 0.5712 | Val F1: 0.8638815101022297 | Val Acc: 0.7745 | Time: 0.0525s
Epoch: 56 | Loss: 0.5710 | Val F1: 0.8640527076972522 | Val Acc: 0.7744 | Time: 0.0464s
Epoch: 57 | Loss: 0.5708 | Val F1: 0.8644176706827309 | Val Acc: 0.7749 | Time: 0.0511s
Epoch: 58 | Loss: 0.5707 | Val F1: 0.8646000642467073 | Val Acc: 0.7752 | Time: 0.0509s
Epoch: 59 | Loss: 0.5705 | Val F1: 0.8641697476289986 | Val Acc: 0.7747 | Time: 0.0489s
Epoch: 60 | Loss: 0.5703 | Val F1: 0.8642730639188536 | Val Acc: 0.7752 | Time: 0.0540s
Epoch: 61 | Loss: 0.5701 | Val F1: 0.8631850835418516 | Val Acc: 0.7740 | Time: 0.0521s
Epoch: 62 | Loss: 0.5700 | Val F1: 0.8633139909735654 | Val Acc: 0.7739 | Time: 0.0500s
Epoch: 63 | Loss: 0.5698 | Val F1: 0.8633580406058653 | Val Acc: 0.7739 | Time: 0.0507s
Epoch: 64 | Loss: 0.5696 | Val F1: 0.8637937978252115 | Val Acc: 0.7745 | Time: 0.0530s
Epoch: 65 | Loss: 0.5695 | Val F1: 0.8635191749919433 | Val Acc: 0.7741 | Time: 0.0509s
Epoch: 66 | Loss: 0.5693 | Val F1: 0.8632478632478633 | Val Acc: 0.7739 | Time: 0.0523s
Epoch: 67 | Loss: 0.5691 | Val F1: 0.8633870967741936 | Val Acc: 0.7741 | Time: 0.0528s
Epoch: 68 | Loss: 0.5690 | Val F1: 0.8632699129313125 | Val Acc: 0.7739 | Time: 0.0523s
Epoch: 69 | Loss: 0.5689 | Val F1: 0.8630645161290322 | Val Acc: 0.7736 | Time: 0.0526s
Epoch: 70 | Loss: 0.5687 | Val F1: 0.8628811098564284 | Val Acc: 0.7733 | Time: 0.0517s
Early stopping at epoch 70
Training Finished. Total Time: 3.7052s

Restoring best model...
--------------------------------------------------
Test Set Results (credit):
     AUC: 0.6965
Accuracy: 0.7759
F1 Score: 0.8656
Fairness Metrics:
  sp: [0.0540, -0.0540]
  eo: [0.0657, -0.0411]
--------------------------------------------------
